./data/backoffice/widgetlib/deployed/promotionsbackoffice.jar
./data/backoffice/widgetlib/deployed/platformbackoffice.jar
./data/backoffice/widgetlib/deployed/b2bcommercebackoffice.jar
./data/backoffice/widgetlib/deployed/basecommercebackoffice.jar
./data/backoffice/widgetlib/deployed/solrftsearchbackoffice.jar
./data/backoffice/widgetlib/deployed/commerceservicesbackoffice.jar
./data/backoffice/widgetlib/deployed/voucherbackoffice.jar
./data/backoffice/widgetlib/deployed/backoffice.jar
./bin/ext-accelerator/alipay/lib/nuxeo-common-1.0.jar
./bin/ext-accelerator/acceleratorcms/hmc/bin/acceleratorcmshmc.jar
./bin/ext-accelerator/acceleratorfacades/lib/spring-mobile-device-1.0.1.RELEASE.jar
./bin/ext-accelerator/b2bacceleratorservices/hmc/bin/b2bacceleratorserviceshmc.jar
./bin/ext-accelerator/b2bpunchout/lib/cxml-jaxb-api.jar
./bin/ext-accelerator/acceleratorstorefrontcommons/commonweb/webroot/WEB-INF/lib/jsoup-1.6.1.jar
./bin/ext-accelerator/acceleratorstorefrontcommons/commonweb/webroot/WEB-INF/lib/granule-1.0.9.jar
./bin/ext-accelerator/acceleratorstorefrontcommons/commonweb/webroot/WEB-INF/lib/jstl-impl-1.2.jar
./bin/ext-accelerator/acceleratorstorefrontcommons/commonweb/webroot/WEB-INF/lib/json-taglib-0.4.1.jar
./bin/ext-accelerator/acceleratorstorefrontcommons/commonweb/webroot/WEB-INF/lib/spring-security-taglibs-3.2.3.RELEASE.jar
./bin/ext-accelerator/acceleratorservices/web/webroot/WEB-INF/lib/jstl-impl-1.2.jar
./bin/ext-accelerator/acceleratorservices/lib/velocity-tools-2.0.jar
./bin/ext-accelerator/acceleratorservices/lib/reactor-core-1.1.5.RELEASE.jar
./bin/ext-accelerator/acceleratorservices/lib/jacocoant.jar
./bin/ext-accelerator/acceleratorservices/lib/commons-net-3.0.1.jar
./bin/ext-accelerator/acceleratorservices/lib/yimpexgenerator.jar
./bin/ext-accelerator/acceleratorservices/hmc/bin/acceleratorserviceshmc.jar
./bin/ext-atddtests/emsclientatddtests/lib/jetty-continuation-7.6.15.jar
./bin/ext-atddtests/emsclientatddtests/lib/jetty-http-7.6.15.jar
./bin/ext-atddtests/emsclientatddtests/lib/jetty-security-7.6.15.jar
./bin/ext-atddtests/emsclientatddtests/lib/jetty-server-7.6.15.jar
./bin/ext-atddtests/emsclientatddtests/lib/jetty-webapp-7.6.15.jar
./bin/ext-atddtests/emsclientatddtests/lib/entitlements-test.jar
./bin/ext-atddtests/emsclientatddtests/lib/jetty-io-7.6.15.jar
./bin/ext-atddtests/emsclientatddtests/lib/jetty-xml-7.6.15.jar
./bin/ext-atddtests/emsclientatddtests/lib/jetty-util-7.6.15.jar
./bin/ext-atddtests/emsclientatddtests/lib/jetty-servlet-7.6.15.jar
./bin/ext-atdd/atddrunner/resources/bin/jetty-runner.jar
./bin/ext-atdd/atddengine/lib/xpp3-1.1.4c.jar
./bin/ext-atdd/atddengine/lib/xmlunit-1.4.jar
./bin/ext-atdd/atddengine/lib/robotframework-2.7.7.jar
./bin/ext-atdd/atddengine/lib/ant.jar
./bin/ext-platform-backoffice/mediaconversionbackoffice/bin/mediaconversionbackofficeserver.jar
./bin/ext-platform-backoffice/mediaconversionbackoffice/resources/backoffice/mediaconversionbackoffice_bof.jar
./bin/ext-platform-backoffice/platformbackoffice/bin/platformbackofficeserver.jar
./bin/ext-platform-backoffice/platformbackoffice/resources/backoffice/platformbackoffice_bof.jar
./bin/ext-channel/cscockpit/bin/cscockpitserver.jar
./bin/ext-channel/mobileservices/bin/mobileservicesserver.jar
./bin/ext-channel/mobileservices/web/webroot/WEB-INF/lib/standard-1.1.2.jar
./bin/ext-channel/mobileservices/lib/zxing-javase-1.3.jar
./bin/ext-channel/mobileservices/lib/zxing-core-1.3.jar
./bin/ext-channel/mobileservices/lib/snakeyaml-1.4.jar
./bin/ext-channel/mobileservices/lib/smppapi-0.3.9.jar
./bin/ext-channel/mobileservices/lib/barcode4j-light-2.0.jar
./bin/ext-channel/mobileservices/lib/libphonenumber-2.3.jar
./bin/ext-channel/mobileservices/lib/spring-mobile-device-1.0.1.RELEASE.jar
./bin/ext-channel/mobileservices/lib/protobuf-lite-libphonenumber-rev10.jar
./bin/ext-channel/mobileservices/lib/google-guava-libphonenumber-svn-rev10.jar
./bin/ext-channel/mobileservices/hmc/bin/mobileserviceshmc.jar
./bin/ext-channel/mobileoptionals/bin/mobileoptionalsserver.jar
./bin/ext-channel/mobileoptionals/hmc/bin/mobileoptionalshmc.jar
./bin/ext-channel/instore/bin/instoreserver.jar
./bin/ext-channel/instore/web/webroot/WEB-INF/lib/zkex-6.5.1.1.jar
./bin/ext-channel/instore/web/webroot/WEB-INF/lib/cockpit-demo-widgets-1.0.2.jar
./bin/ext-channel/instore/web/webroot/WEB-INF/lib/cockpit-module-aggregator-1.0.2.jar
./bin/ext-channel/instore/web/webroot/WEB-INF/lib/zhtml-6.5.1.1.jar
./bin/ext-channel/instore/web/webroot/WEB-INF/lib/cockpitcore-1.0.2.jar
./bin/ext-channel/instore/web/webroot/WEB-INF/lib/jersey-server-1.13.jar
./bin/ext-channel/instore/web/webroot/WEB-INF/lib/jersey-multipart-1.13.jar
./bin/ext-channel/instore/web/webroot/WEB-INF/lib/cockpitframework-1.0.2.jar
./bin/ext-channel/instore/web/webroot/WEB-INF/lib/commons-lang3-3.1.jar
./bin/ext-channel/instore/web/webroot/WEB-INF/lib/standard-editors-1.0.2.jar
./bin/ext-channel/instore/web/webroot/WEB-INF/lib/zul-6.5.1.1.jar
./bin/ext-channel/instore/web/webroot/WEB-INF/lib/silvertail-6.5.1.1.jar
./bin/ext-channel/instore/web/webroot/WEB-INF/lib/zkspring-core-3.0.jar
./bin/ext-channel/instore/web/webroot/WEB-INF/lib/gmapsz-3.0.0.jar
./bin/ext-channel/instore/web/webroot/WEB-INF/lib/zel-6.5.1.1.jar
./bin/ext-channel/instore/web/webroot/WEB-INF/lib/cockpitadmin-1.0.2.jar
./bin/ext-channel/instore/web/webroot/WEB-INF/lib/zcommons-el-1.1.0.jar
./bin/ext-channel/instore/web/webroot/WEB-INF/lib/zkplus-6.5.1.1.jar
./bin/ext-channel/instore/web/webroot/WEB-INF/lib/jersey-servlet-1.13.jar
./bin/ext-channel/instore/web/webroot/WEB-INF/lib/jersey-client-1.13.jar
./bin/ext-channel/instore/web/webroot/WEB-INF/lib/zml-6.5.1.1.jar
./bin/ext-channel/instore/web/webroot/WEB-INF/lib/cockpittesting-1.0.2.jar
./bin/ext-channel/instore/web/webroot/WEB-INF/lib/zkmax-6.5.1.1.jar
./bin/ext-channel/instore/web/webroot/WEB-INF/lib/zcommon-6.5.1.1.jar
./bin/ext-channel/instore/web/webroot/WEB-INF/lib/reflections-0.9.9-RC2.jar
./bin/ext-channel/instore/web/webroot/WEB-INF/lib/zweb-6.5.1.1.jar
./bin/ext-channel/instore/web/webroot/WEB-INF/lib/cockpitwidgets-1.0.2.jar
./bin/ext-channel/instore/web/webroot/WEB-INF/lib/jersey-core-1.13.jar
./bin/ext-channel/instore/web/webroot/WEB-INF/lib/backoffice-widgets-1.0.2.jar
./bin/ext-channel/instore/web/webroot/WEB-INF/lib/zkspring-security-3.0.jar
./bin/ext-channel/instore/web/webroot/WEB-INF/lib/zk-6.5.1.1.jar
./bin/ext-channel/instore/web/webroot/WEB-INF/lib/jersey-spring-1.13.jar
./bin/ext-channel/instore/web/webroot/WEB-INF/lib/backoffice-core-1.0.2.jar
./bin/ext-channel/instore/web/webroot/WEB-INF/lib/zkbind-6.5.1.1.jar
./bin/ext-channel/instore/web/webroot/WEB-INF/lib/sac-1.3.jar
./bin/ext-eventtracking/eventtrackingpublisher/lib/jackson-databind-2.4.1.3.jar
./bin/ext-eventtracking/eventtrackingpublisher/lib/jackson-annotations-2.4.0.jar
./bin/ext-eventtracking/eventtrackingpublisher/lib/activemq-all-5.10.0.jar
./bin/ext-eventtracking/eventtrackingpublisher/lib/jackson-dataformat-csv-2.4.1.jar
./bin/ext-eventtracking/eventtrackingpublisher/lib/jackson-core-2.4.1.1.jar
./bin/ext-eventtracking/eventtrackingservices/lib/msg-simple-1.1.jar
./bin/ext-eventtracking/eventtrackingservices/lib/mailapi-1.4.3.jar
./bin/ext-eventtracking/eventtrackingservices/lib/jackson-databind-2.4.1.3.jar
./bin/ext-eventtracking/eventtrackingservices/lib/jackson-annotations-2.4.0.jar
./bin/ext-eventtracking/eventtrackingservices/lib/jackson-coreutils-1.8.jar
./bin/ext-eventtracking/eventtrackingservices/lib/json-schema-validator-2.2.5.jar
./bin/ext-eventtracking/eventtrackingservices/lib/rhino-1.7R4.jar
./bin/ext-eventtracking/eventtrackingservices/lib/jopt-simple-4.6.jar
./bin/ext-eventtracking/eventtrackingservices/lib/json-schema-core-1.2.4.jar
./bin/ext-eventtracking/eventtrackingservices/lib/uri-template-0.9.jar
./bin/ext-eventtracking/eventtrackingservices/lib/libphonenumber-6.2.jar
./bin/ext-eventtracking/eventtrackingservices/lib/activation-1.1.jar
./bin/ext-eventtracking/eventtrackingservices/lib/btf-1.2.jar
./bin/ext-eventtracking/eventtrackingservices/lib/jackson-core-2.4.1.1.jar
./bin/ext-cockpit/cockpit/bin/cockpitserver.jar
./bin/ext-cockpit/cockpit/lib/zcommon-3.6.4.jar
./bin/ext-cockpit/cockpit/lib/zweb-3.6.4.jar
./bin/ext-cockpit/cockpit/lib/jai_core-1.1.3.jar
./bin/ext-cockpit/cockpit/lib/canvas-1.0-y.jar
./bin/ext-cockpit/cockpit/lib/jasperreports-4.0.2.jar
./bin/ext-cockpit/cockpit/lib/zkmax-3.6.4.jar
./bin/ext-cockpit/cockpit/lib/jcommon-1.0.16.jar
./bin/ext-cockpit/cockpit/lib/zml-3.6.4.jar
./bin/ext-cockpit/cockpit/lib/zk-3.6.4.jar
./bin/ext-cockpit/cockpit/lib/zul-3.6.4.jar
./bin/ext-cockpit/cockpit/lib/jgraph-5.8.3.1.jar
./bin/ext-cockpit/cockpit/lib/TGGraphLayout-jre11-1.22.jar
./bin/ext-cockpit/cockpit/lib/fckez-2.6.1_2.jar
./bin/ext-cockpit/cockpit/lib/zkplus-3.6.4.jar
./bin/ext-cockpit/cockpit/lib/jfreechart-1.0.13.jar
./bin/ext-cockpit/cockpit/lib/zkex-3.6.4.jar
./bin/ext-cockpit/cockpit/lib/displaytag-1.2.jar
./bin/ext-cockpit/cockpit/lib/zcommons-el-1.0.2.jar
./bin/ext-cockpit/cockpit/lib/jasperreports-fonts-4.0.2.jar
./bin/ext-cockpit/cockpit/lib/jai-codec-1.1.3.jar
./bin/ext-cockpit/cockpit/lib/itext-2.1.7.jar
./bin/ext-cockpit/cockpit/lib/zkspring-1.1.0.jar
./bin/ext-cockpit/cockpit/lib/jgrapht-jdk1.6-0.8.2.jar
./bin/ext-cockpit/cockpit/lib/zhtml-3.6.4.jar
./bin/ext-cockpit/cockpit/lib/jgraphx-1.10.2.1.jar
./bin/ext-cockpit/mcc/bin/mccserver.jar
./bin/ext-cockpit/admincockpit/bin/admincockpitserver.jar
./bin/ext-cockpit/reportcockpit/bin/reportcockpitserver.jar
./bin/ext-addon/entitlementstorefront/bin/entitlementstorefrontserver.jar
./bin/ext-addon/secureportaladdon/hmc/bin/secureportaladdonhmc.jar
./bin/ext-addon/chinacheckoutaddon/web/webroot/WEB-INF/lib/spring-webmvc-3.1.4.RELEASE.jar
./bin/ext-addon/chinacheckoutaddon/web/webroot/WEB-INF/lib/json-taglib-0.4.1.jar
./bin/ext-addon/cissubscription/web/webroot/WEB-INF/lib/jstl-api-1.2.jar
./bin/ext-addon/cissubscription/web/webroot/WEB-INF/lib/jstl-impl-1.2.jar
./bin/ext-addon/cissubscription/lib/hybris-cis-api-subscription-5.6.0.0.14.jar
./bin/ext-addon/cissubscription/lib/hybris-cis-subscription-rest-client-5.6.0.0.14.jar
./bin/ext-addon/acceleratorwebservicesaddon/hmc/bin/acceleratorwebservicesaddonhmc.jar
./bin/ext-addon/b2bpunchoutaddon/hmc/bin/b2bpunchoutaddonhmc.jar
./bin/ext-addon/ondemandcommon/bin/ondemandcommonserver.jar
./bin/ext-addon/ondemandcommon/resources/backoffice/ondemandcommon_bof.jar
./bin/ext-addon/ondemandcommon/lib/mimepull-1.6.jar
./bin/ext-addon/ondemandcommon/lib/archaius-core-0.5.6.jar
./bin/ext-addon/ondemandcommon/lib/flexjson-3.0.jar
./bin/ext-addon/ondemandcommon/lib/hystrix-core-1.2.8.jar
./bin/ext-addon/ondemandcommon/lib/httpclient-4.2.6.jar
./bin/ext-addon/ondemandcommon/lib/httpcore-4.2.5.jar
./bin/ext-addon/ondemandcommon/hmc/bin/ondemandcommonhmc.jar
./bin/ext-addon/eventtrackingwsaddon/lib/json-utils-0.0.12.jar
./bin/ext-addon/eventtrackingwsaddon/lib/jackson-databind-2.4.1.3.jar
./bin/ext-addon/eventtrackingwsaddon/lib/jackson-annotations-2.4.0.jar
./bin/ext-addon/eventtrackingwsaddon/lib/jolt-core-0.0.12.jar
./bin/ext-addon/eventtrackingwsaddon/lib/javax.inject-1.jar
./bin/ext-addon/eventtrackingwsaddon/lib/jackson-core-2.4.1.1.jar
./bin/ext-addon/timedaccesspromotionsstorefront/acceleratoraddon/web/webroot/WEB-INF/lib/jsoup-1.6.1.jar
./bin/ext-addon/timedaccesspromotionsstorefront/acceleratoraddon/web/webroot/WEB-INF/lib/json-taglib-0.4.1.jar
./bin/ext-addon/cisclient/lib/hybris-cis-api-shipping-5.6.0.0.16.jar
./bin/ext-addon/cisclient/lib/hybris-cis-api-tax-5.6.0.0.16.jar
./bin/ext-addon/cisclient/lib/hybris-cis-api-payment-5.6.0.0.16.jar
./bin/ext-addon/cisclient/lib/hybris-cis-api-shared-5.6.0.0.16.jar
./bin/ext-addon/cisclient/lib/hybris-cis-shipping-rest-client-5.6.0.0.16.jar
./bin/ext-addon/cisclient/lib/hybris-cis-api-geolocation-5.6.0.0.16.jar
./bin/ext-addon/cisclient/lib/hybris-cis-common-5.6.0.0.16.jar
./bin/ext-addon/cisclient/lib/hybris-cis-fraud-rest-client-5.6.0.0.16.jar
./bin/ext-addon/cisclient/lib/hybris-cis-tax-rest-client-5.6.0.0.16.jar
./bin/ext-addon/cisclient/lib/hybris-cis-rest-common-5.6.0.0.16.jar
./bin/ext-addon/cisclient/lib/hybris-cis-avs-rest-client-5.6.0.0.16.jar
./bin/ext-addon/cisclient/lib/hybris-cis-api-fraud-5.6.0.0.16.jar
./bin/ext-addon/cisclient/lib/hybris-cis-api-avs-5.6.0.0.16.jar
./bin/ext-addon/cisclient/lib/hybris-cis-geolocation-rest-client-5.6.0.0.16.jar
./bin/ext-addon/cisclient/lib/hybris-cis-payment-rest-client-5.6.0.0.16.jar
./bin/ext-addon/captchaaddon/hmc/bin/captchaaddonhmc.jar
./bin/ext-addon/captchaaddon/acceleratoraddon/web/webroot/WEB-INF/lib/recaptcha4j-0.0.7.jar
./bin/ext-addon/accountsummaryaddon/hmc/bin/accountsummaryaddonhmc.jar
./bin/ext-addon/b2boccaddon/hmc/bin/b2boccaddonhmc.jar
./bin/ext-addon/savedorderformsoccaddon/hmc/bin/savedorderformsoccaddonhmc.jar
./bin/ext-addon/xyformsstorefrontcommons/orbeon/patch/WEB-INF/lib/urlrewritefilter-4.0.3.jar
./bin/ext-addon/xyformsstorefrontcommons/acceleratoraddon/web/webroot/WEB-INF/lib/urlrewritefilter-4.0.3.jar
./bin/platform/apache-ant-1.9.1/etc/ant-bootstrap.jar
./bin/platform/apache-ant-1.9.1/lib/ant-testutil.jar
./bin/platform/apache-ant-1.9.1/lib/ant-junit4.jar
./bin/platform/apache-ant-1.9.1/lib/ant-apache-bcel.jar
./bin/platform/apache-ant-1.9.1/lib/ant-launcher.jar
./bin/platform/apache-ant-1.9.1/lib/ant-apache-xalan2.jar
./bin/platform/apache-ant-1.9.1/lib/ant-antlr.jar
./bin/platform/apache-ant-1.9.1/lib/ant-apache-bsf.jar
./bin/platform/apache-ant-1.9.1/lib/ant-javamail.jar
./bin/platform/apache-ant-1.9.1/lib/ant-apache-oro.jar
./bin/platform/apache-ant-1.9.1/lib/ant-swing.jar
./bin/platform/apache-ant-1.9.1/lib/ant-jmf.jar
./bin/platform/apache-ant-1.9.1/lib/ant-apache-log4j.jar
./bin/platform/apache-ant-1.9.1/lib/ant-apache-regexp.jar
./bin/platform/apache-ant-1.9.1/lib/ant-netrexx.jar
./bin/platform/apache-ant-1.9.1/lib/ant-jai.jar
./bin/platform/apache-ant-1.9.1/lib/ant-commons-net.jar
./bin/platform/apache-ant-1.9.1/lib/ant-commons-logging.jar
./bin/platform/apache-ant-1.9.1/lib/ant-apache-resolver.jar
./bin/platform/apache-ant-1.9.1/lib/ant.jar
./bin/platform/apache-ant-1.9.1/lib/ant-jdepend.jar
./bin/platform/apache-ant-1.9.1/lib/ant-junit.jar
./bin/platform/apache-ant-1.9.1/lib/ant-jsch.jar
./bin/platform/tomcat/bin/commons-daemon.jar
./bin/platform/tomcat/bin/tomcat-juli.jar
./bin/platform/tomcat/bin/bootstrap.jar
./bin/platform/tomcat/lib/catalina-ha.jar
./bin/platform/tomcat/lib/catalina.jar
./bin/platform/tomcat/lib/wrapper.jar
./bin/platform/tomcat/lib/ytomcat.jar
./bin/platform/tomcat/lib/jsp-api.jar
./bin/platform/tomcat/lib/tomcat-coyote.jar
./bin/platform/tomcat/lib/servlet-api.jar
./bin/platform/tomcat/lib/tomcat-i18n-es.jar
./bin/platform/tomcat/lib/tomcat-api.jar
./bin/platform/tomcat/lib/tomcat-util.jar
./bin/platform/tomcat/lib/tomcat-i18n-fr.jar
./bin/platform/tomcat/lib/catalina-jmx-remote.jar
./bin/platform/tomcat/lib/catalina-tribes.jar
./bin/platform/tomcat/lib/catalina-ant.jar
./bin/platform/tomcat/lib/tomcat-i18n-ja.jar
./bin/platform/tomcat/lib/jasper.jar
./bin/platform/tomcat/lib/tomcat-jdbc.jar
./bin/platform/tomcat/lib/tomcat-dbcp.jar
./bin/platform/tomcat/lib/el-api.jar
./bin/platform/tomcat/lib/jasper-el.jar
./bin/platform/tomcat/lib/ecj-4.4.jar
./bin/platform/tomcat/lib/annotations-api.jar
./bin/platform/tomcat/lib/tomcat7-websocket.jar
./bin/platform/tomcat/lib/websocket-api.jar
./bin/platform/tomcat/lib/tomcat-juli-adapters.jar
./bin/platform/resources/ant/sonar/lib/sonar-ant-task-2.1.jar
./bin/platform/resources/ant/lib/antlr-runtime-3.4.jar
./bin/platform/resources/ant/lib/fileanalyzer-maven-plugin-1.6.18.jar
./bin/platform/resources/ant/lib/sequence-library-1.0.2.jar
./bin/platform/resources/ant/lib/jaxb-2.2.4-xjc.jar
./bin/platform/resources/ant/lib/jaxb-2.2.4-impl.jar
./bin/platform/resources/ant/lib/y-ant-utils-1.3.jar
./bin/platform/resources/ant/lib/pmd-5.0.5.jar
./bin/platform/resources/ant/lib/jsr173_1.0_api.jar
./bin/platform/resources/ant/lib/ecj-4.4.1.jar
./bin/platform/resources/ant/lib/jaxb-2.2.4-api.jar
./bin/platform/resources/ant/lib/maven-ant-tasks-2.1.3.jar
./bin/platform/resources/ant/lib/HybrisCustomPMDRules_1.0.0.201310071111.jar
./bin/platform/resources/ant/lib/svntask.jar
./bin/platform/resources/ant/lib/xmltask-1.16.jar
./bin/platform/resources/ant/lib/jaxb1-2.2.4-impl.jar
./bin/platform/resources/ant/lib/notranisitives-1.0.jar
./bin/platform/resources/ant/apidoc/y-ant-utils-1.1-sources.jar
./bin/platform/resources/configtemplates/develop/licence/hybrislicence.jar
./bin/platform/resources/configtemplates/production/licence/hybrislicence.jar
./bin/platform/resources/ear/libs/xercesImpl-2.9.1.jar
./bin/platform/resources/tanukiwrapper/lib/wrapper.jar
./bin/platform/lib/dbdriver/sqljdbc-4.0.2206.100.jar
./bin/platform/lib/dbdriver/sqljdbc4.jar
./bin/platform/lib/dbdriver/ngdbc-0.95.0.jar
./bin/platform/lib/dbdriver/hsqldb-2.2.9.jar
./bin/platform/lib/ant-contrib-1.0b3.jar
./bin/platform/bootstrap/bin/ytomcat.jar
./bin/platform/bootstrap/bin/yant.jar
./bin/platform/bootstrap/bin/models.jar
./bin/platform/bootstrap/bin/ybootstrap.jar
./bin/platform/ext/validation/bin/validationserver.jar
./bin/platform/ext/validation/lib/javassist-3.19.0-GA.jar
./bin/platform/ext/validation/lib/jboss-logging-3.2.1.Final.jar
./bin/platform/ext/validation/lib/hibernate-validator-4.3.2.Final.jar
./bin/platform/ext/validation/lib/validation-api-1.0.0.GA.jar
./bin/platform/ext/testweb/web/webroot/WEB-INF/lib/jstl-impl-1.2.jar
./bin/platform/ext/testweb/web/webroot/WEB-INF/lib/sitemesh-3.0-alpha-2.jar
./bin/platform/ext/core/bin/coreserver.jar
./bin/platform/ext/core/lib/bcprov-jdk15-1.46.jar
./bin/platform/ext/core/lib/commons-digester-2.1.jar
./bin/platform/ext/core/lib/hybris-simple-statistics-1.0.1.jar
./bin/platform/ext/core/lib/spring-aspects-4.1.7.RELEASE.jar
./bin/platform/ext/core/lib/jackson-core-2.4.2.jar
./bin/platform/ext/core/lib/spring-oxm-4.1.7.RELEASE.jar
./bin/platform/ext/core/lib/joda-time-2.7.jar
./bin/platform/ext/core/lib/spring-aop-4.1.7.RELEASE.jar
./bin/platform/ext/core/lib/commons-httpclient-3.1.jar
./bin/platform/ext/core/lib/ant-commons-net-1.6.5.jar
./bin/platform/ext/core/lib/commons-discovery-0.5.jar
./bin/platform/ext/core/lib/ehcache-2.9.0.jar
./bin/platform/ext/core/lib/xercesImpl-2.9.1.jar
./bin/platform/ext/core/lib/spring-context-support-4.1.7.RELEASE.jar
./bin/platform/ext/core/lib/commons-lang-2.6.jar
./bin/platform/ext/core/lib/spring-tx-4.1.7.RELEASE.jar
./bin/platform/ext/core/lib/fest-util-1.1.6.jar
./bin/platform/ext/core/lib/commons-jexl-1.1.jar
./bin/platform/ext/core/lib/cloning-1.9.0.jar
./bin/platform/ext/core/lib/serializer-2.7.2.jar
./bin/platform/ext/core/lib/ddlutils-1.0.jar
./bin/platform/ext/core/lib/spring-test-4.1.7.RELEASE.jar
./bin/platform/ext/core/lib/rxjava-1.0.0-rc.7.jar
./bin/platform/ext/core/lib/jaxen-1.1.3.jar
./bin/platform/ext/core/lib/asm-3.3.1.jar
./bin/platform/ext/core/lib/btc-ascii-table-1.0.jar
./bin/platform/ext/core/lib/commons-validator-1.4.0.jar
./bin/platform/ext/core/lib/jsr305-2.0.0.jar
./bin/platform/ext/core/lib/xalan-2.7.2.jar
./bin/platform/ext/core/lib/spring-beans-4.1.7.RELEASE.jar
./bin/platform/ext/core/lib/spring-core-4.1.7.RELEASE.jar
./bin/platform/ext/core/lib/jackson-mapper-asl-1.9.11.jar
./bin/platform/ext/core/lib/spring-security-web-3.2.5.RELEASE.jar
./bin/platform/ext/core/lib/hybris-encryption-1.1.jar
./bin/platform/ext/core/lib/slf4j-jcl-1.7.10.jar
./bin/platform/ext/core/lib/spring-security-taglibs-3.2.5.RELEASE.jar
./bin/platform/ext/core/lib/jackson-annotations-2.4.2.jar
./bin/platform/ext/core/lib/spring-instrument-tomcat-4.1.7.RELEASE.jar
./bin/platform/ext/core/lib/fastutil-6.5.6.jar
./bin/platform/ext/core/lib/spring-jdbc-4.1.7.RELEASE.jar
./bin/platform/ext/core/lib/aspectjweaver-1.8.4.jar
./bin/platform/ext/core/lib/wss4j-1.6.4.jar
./bin/platform/ext/core/lib/httpunit-1.7.jar
./bin/platform/ext/core/lib/slf4j-api-1.7.10.jar
./bin/platform/ext/core/lib/commons-email-1.2.jar
./bin/platform/ext/core/lib/pmd-5.0.5.jar
./bin/platform/ext/core/lib/spring-security-config-3.2.5.RELEASE.jar
./bin/platform/ext/core/lib/cglib-nodep-2.2.2.jar
./bin/platform/ext/core/lib/spring-orm-4.1.7.RELEASE.jar
./bin/platform/ext/core/lib/jackson-databind-2.4.2.jar
./bin/platform/ext/core/lib/commons-collections-3.2.1.jar
./bin/platform/ext/core/lib/spring-xml-2.2.0.RELEASE.jar
./bin/platform/ext/core/lib/commons-codec-1.7.jar
./bin/platform/ext/core/lib/hamcrest-all-1.3.jar
./bin/platform/ext/core/lib/spring-context-4.1.7.RELEASE.jar
./bin/platform/ext/core/lib/oro-2.0.8.jar
./bin/platform/ext/core/lib/commons-beanutils-1.8.3.jar
./bin/platform/ext/core/lib/commons-configuration-1.7.jar
./bin/platform/ext/core/lib/commons-fileupload-1.3.1.jar
./bin/platform/ext/core/lib/guava-18.0.jar
./bin/platform/ext/core/lib/commons-el-1.0.jar
./bin/platform/ext/core/lib/velocity-1.7.jar
./bin/platform/ext/core/lib/jcip-annotations-1.0.jar
./bin/platform/ext/core/lib/spring-integration-core-4.1.2.RELEASE.jar
./bin/platform/ext/core/lib/commons-dbcp-1.4.jar
./bin/platform/ext/core/lib/commons-logging-1.2.jar
./bin/platform/ext/core/lib/jgroups-3.4.1.Final.jar
./bin/platform/ext/core/lib/spring-instrument-4.1.7.RELEASE.jar
./bin/platform/ext/core/lib/aopalliance-1.0.jar
./bin/platform/ext/core/lib/commons-pool-1.6.jar
./bin/platform/ext/core/lib/reflections-0.9.9-RC2.jar
./bin/platform/ext/core/lib/groovy-all-2.3.9.jar
./bin/platform/ext/core/lib/log4j-1.2.17.jar
./bin/platform/ext/core/lib/spring-jms-4.1.7.RELEASE.jar
./bin/platform/ext/core/lib/jstl-api-1.2.jar
./bin/platform/ext/core/lib/spring-expression-4.1.7.RELEASE.jar
./bin/platform/ext/core/lib/spring-messaging-4.1.7.RELEASE.jar
./bin/platform/ext/core/lib/spring-webmvc-4.1.7.RELEASE.jar
./bin/platform/ext/core/lib/com.sap.security.core.server.csi-1.00.8.jar
./bin/platform/ext/core/lib/fest-assert-1.4.jar
./bin/platform/ext/core/lib/javolution-5.5.1.jar
./bin/platform/ext/core/lib/jackson-core-asl-1.9.11.jar
./bin/platform/ext/core/lib/commons-pool2-2.2.jar
./bin/platform/ext/core/lib/junit-4.12.jar
./bin/platform/ext/core/lib/objenesis-1.4.jar
./bin/platform/ext/core/lib/concurrentlinkedhashmap-lru-1.4.jar
./bin/platform/ext/core/lib/spring-web-4.1.7.RELEASE.jar
./bin/platform/ext/core/lib/likey-no-iaik-1.0.3.jar
./bin/platform/ext/core/lib/hybriskey-1.0.jar
./bin/platform/ext/core/lib/mockito-core-1.9.5.jar
./bin/platform/ext/core/lib/easymockclassextension-3.1.jar
./bin/platform/ext/core/lib/bsh-2.0b5.jar
./bin/platform/ext/core/lib/mime-util-2.1.3.jar
./bin/platform/ext/core/lib/annotations-2.0.0.jar
./bin/platform/ext/core/lib/easymock-3.1.jar
./bin/platform/ext/core/lib/xmlenc-0.52.jar
./bin/platform/ext/core/lib/spring-security-core-3.2.5.RELEASE.jar
./bin/platform/ext/core/lib/xmlsec-1.4.6.jar
./bin/platform/ext/core/lib/commons-io-2.4.jar
./bin/platform/ext/core/lib/mail-1.4.4.jar
./bin/platform/ext/deliveryzone/bin/deliveryzoneserver.jar
./bin/platform/ext/workflow/bin/workflowserver.jar
./bin/platform/ext/commons/bin/commonsserver.jar
./bin/platform/ext/commons/lib/avalon-framework-4.2.0.jar
./bin/platform/ext/commons/lib/xmlgraphics-commons-1.4.jar
./bin/platform/ext/commons/lib/jai_core-1.1.3.jar
./bin/platform/ext/commons/lib/fop-1.0.jar
./bin/platform/ext/commons/lib/xml-apis-1.3.04.jar
./bin/platform/ext/commons/lib/batik-all-1.7.jar
./bin/platform/ext/commons/lib/jai-codec-1.1.3.jar
./bin/platform/ext/commons/lib/xml-apis-ext-1.3.04.jar
./bin/platform/ext/advancedsavedquery/bin/advancedsavedqueryserver.jar
./bin/platform/ext/comments/bin/commentsserver.jar
./bin/platform/ext/europe1/bin/europe1server.jar
./bin/platform/ext/mediaweb/bin/mediawebserver.jar
./bin/platform/ext/impex/bin/impexserver.jar
./bin/platform/ext/impex/lib/poi-3.7.jar
./bin/platform/ext/scripting/bin/scriptingserver.jar
./bin/platform/ext/processing/bin/processingserver.jar
./bin/platform/ext/processing/lib/quartz-2.1.2.jar
./bin/platform/ext/catalog/bin/catalogserver.jar
./bin/platform/ext/paymentstandard/bin/paymentstandardserver.jar
./bin/platform/ext/hac/web/webroot/WEB-INF/lib/displaytag-1.2.jar
./bin/platform/ext/hac/web/webroot/WEB-INF/lib/jstl-impl-1.2.jar
./bin/platform/ext/hac/web/webroot/WEB-INF/lib/sitemesh-3.0-alpha-2.jar
./bin/ext-print/printcockpit/bin/printcockpitserver.jar
./bin/ext-print/printcockpit/lib/gi-security-1.0.7.jar
./bin/ext-print/printcockpit/hmc/bin/printcockpithmc.jar
./bin/ext-print/printhmc/bin/printhmcserver.jar
./bin/ext-print/printhmc/hmc/bin/printhmchmc.jar
./bin/ext-print/print/bin/printserver.jar
./bin/ext-print/print/lib/cxf-rt-frontend-simple-2.4.2.jar
./bin/ext-print/print/lib/cxf-rt-core-2.4.2.jar
./bin/ext-print/print/lib/geronimo-activation_1.1_spec-1.1.jar
./bin/ext-print/print/lib/cxf-common-utilities-2.4.2.jar
./bin/ext-print/print/lib/saaj-api-1.3.jar
./bin/ext-print/print/lib/cxf-rt-ws-addr-2.4.2.jar
./bin/ext-print/print/lib/cxf-rt-transports-http-2.4.2.jar
./bin/ext-print/print/lib/saaj-impl-1.3.2.jar
./bin/ext-print/print/lib/cxf-rt-databinding-jaxb-2.4.2.jar
./bin/ext-print/print/lib/geronimo-javamail_1.4_spec-1.7.1.jar
./bin/ext-print/print/lib/cxf-tools-common-2.4.2.jar
./bin/ext-print/print/lib/wsdl4j-1.6.2.jar
./bin/ext-print/print/lib/geronimo-jms_1.1_spec-1.1.1.jar
./bin/ext-print/print/lib/jaxws-api-2.1-1.jar
./bin/ext-print/print/lib/jra-1.0-alpha-4.jar
./bin/ext-print/print/lib/geronimo-annotation_1.0_spec-1.1.1.jar
./bin/ext-print/print/lib/cxf-rt-frontend-jaxws-2.4.2.jar
./bin/ext-print/print/lib/cxf-api-2.4.2.jar
./bin/ext-print/print/lib/cxf-rt-bindings-soap-2.4.2.jar
./bin/ext-print/print/lib/stax2-api-3.1.1.jar
./bin/ext-print/print/lib/geronimo-jaxws_2.2_spec-1.0.jar
./bin/ext-print/print/lib/xmlschema-core-2.0.jar
./bin/ext-print/print/lib/geronimo-stax-api_1.0_spec-1.0.1.jar
./bin/ext-print/print/lib/xml-resolver-1.2.jar
./bin/ext-print/print/lib/neethi-3.0.1.jar
./bin/ext-print/print/lib/geronimo-ws-metadata_2.0_spec-1.1.3.jar
./bin/ext-incubator/y2ysynchmc/hmc/bin/y2ysynchmchmc.jar
./bin/ext-incubator/yaasconnect/bin/yaasconnectserver.jar
./bin/ext-incubator/yaasconnect/lib/netty-codec-http-4.0.25.Final.jar
./bin/ext-incubator/yaasconnect/lib/charon-0.8.5.jar
./bin/ext-incubator/yaasconnect/lib/commons-lang3-3.3.2.jar
./bin/ext-incubator/yaasconnect/lib/netty-handler-4.0.25.Final.jar
./bin/ext-incubator/yaasconnect/lib/hk2-api-2.4.0-b10.jar
./bin/ext-incubator/yaasconnect/lib/netty-buffer-4.0.25.Final.jar
./bin/ext-incubator/yaasconnect/lib/netty-common-4.0.25.Final.jar
./bin/ext-incubator/yaasconnect/lib/netty-codec-4.0.25.Final.jar
./bin/ext-incubator/yaasconnect/lib/jersey-common-2.17.jar
./bin/ext-incubator/yaasconnect/lib/rxnetty-0.4.11.jar
./bin/ext-incubator/yaasconnect/lib/netty-transport-4.0.25.Final.jar
./bin/ext-incubator/yaasconnect/lib/netty-transport-native-epoll-4.0.25.Final.jar
./bin/ext-incubator/yaasconnect/lib/javax.inject-2.4.0-b10.jar
./bin/ext-incubator/yaasconnect/lib/servo-core-0.8.3.jar
./bin/ext-incubator/yaasconnect/lib/javax.ws.rs-api-2.0.1.jar
./bin/ext-incubator/yaasconnect/lib/hk2-locator-2.4.0-b10.jar
./bin/ext-incubator/yaasconnect/lib/hk2-utils-2.4.0-b10.jar
./bin/ext-incubator/yaasconnect/lib/jersey-guava-2.17.jar
./bin/ext-incubator/yaasconnect/lib/reactor-core-1.1.6.RELEASE.jar
./bin/ext-incubator/y2ysyncbackoffice/bin/y2ysyncbackofficeserver.jar
./bin/ext-incubator/y2ysyncbackoffice/resources/backoffice/y2ysyncbackoffice_bof.jar
./bin/ext-incubator/deltadetection/bin/deltadetectionserver.jar
./bin/ext-incubator/y2ysync/bin/y2ysyncserver.jar
./bin/ext-content/bmecat/bin/bmecatserver.jar
./bin/ext-content/bmecat/web/webroot/WEB-INF/lib/jstl-1.1.0.jar
./bin/ext-content/bmecat/web/webroot/WEB-INF/lib/standard-1.1.2.jar
./bin/ext-content/liveeditaddon/bin/liveeditaddonserver.jar
./bin/ext-content/liveeditaddon/web/webroot/WEB-INF/lib/spring-webmvc-4.1.5.RELEASE.jar
./bin/ext-content/liveeditaddon/web/webroot/WEB-INF/lib/spring-security-taglibs-3.2.6.RELEASE.jar
./bin/ext-content/classificationsystems/bin/classificationsystemsserver.jar
./bin/ext-content/bmecathmc/bin/bmecathmcserver.jar
./bin/ext-content/bmecathmc/hmc/bin/bmecathmchmc.jar
./bin/ext-content/importcockpit/bin/importcockpitserver.jar
./bin/ext-content/importcockpit/web/webroot/WEB-INF/lib/xstream-1.4.1.jar
./bin/ext-content/importcockpit/hmc/bin/importcockpithmc.jar
./bin/ext-content/classificationsystemshmc/hmc/bin/classificationsystemshmchmc.jar
./bin/ext-content/cms2lib/bin/cms2libserver.jar
./bin/ext-content/productcockpit/bin/productcockpitserver.jar
./bin/ext-content/productcockpit/web/webroot/WEB-INF/lib/jstl-api-1.2.jar
./bin/ext-content/productcockpit/web/webroot/WEB-INF/lib/jstl-impl-1.2.jar
./bin/ext-content/productcockpit/web/webroot/WEB-INF/lib/spring-webmvc-4.1.4.RELEASE.jar
./bin/ext-content/productcockpit/hmc/bin/productcockpithmc.jar
./bin/ext-content/cms2/bin/cms2server.jar
./bin/ext-content/cms2/hmc/bin/cms2hmc.jar
./bin/ext-content/cmscockpit/bin/cmscockpitserver.jar
./bin/ext-content/cmscockpit/hmc/bin/cmscockpithmc.jar
./bin/ext-commerce/emsclient/bin/emsclientserver.jar
./bin/ext-commerce/emsclient/lib/jackson-mapper-asl.jar
./bin/ext-commerce/emsclient/lib/jackson-core-asl.jar
./bin/ext-commerce/emsclient/lib/entitlements-rest-client.jar
./bin/ext-commerce/emsclient/lib/jackson-jaxrs.jar
./bin/ext-commerce/emsclient/lib/jackson-xc.jar
./bin/ext-commerce/emsclient/lib/jettison-1.1.jar
./bin/ext-commerce/solrftsearchhmc/bin/solrftsearchhmcserver.jar
./bin/ext-commerce/solrftsearchhmc/hmc/bin/solrftsearchhmchmc.jar
./bin/ext-commerce/b2bapprovalprocess/bin/b2bapprovalprocessserver.jar
./bin/ext-commerce/b2bapprovalprocess/hmc/bin/b2bapprovalprocesshmc.jar
./bin/ext-commerce/oci/bin/ociserver.jar
./bin/ext-commerce/subscriptionbackoffice/bin/subscriptionbackofficeserver.jar
./bin/ext-commerce/subscriptionbackoffice/resources/backoffice/subscriptionbackoffice_bof.jar
./bin/ext-commerce/solrserver/bin/solrserverserver.jar
./bin/ext-commerce/solrserver/resources/solr/dist/solr-morphlines-cell-5.3.0.jar
./bin/ext-commerce/solrserver/resources/solr/dist/test-framework/lucene-libs/lucene-test-framework-5.3.0.jar
./bin/ext-commerce/solrserver/resources/solr/dist/test-framework/lib/randomizedtesting-runner-2.1.13.jar
./bin/ext-commerce/solrserver/resources/solr/dist/test-framework/lib/junit-4.10.jar
./bin/ext-commerce/solrserver/resources/solr/dist/test-framework/lib/junit4-ant-2.1.13.jar
./bin/ext-commerce/solrserver/resources/solr/dist/test-framework/lib/ant-1.8.2.jar
./bin/ext-commerce/solrserver/resources/solr/dist/solr-uima-5.3.0.jar
./bin/ext-commerce/solrserver/resources/solr/dist/solr-analytics-5.3.0.jar
./bin/ext-commerce/solrserver/resources/solr/dist/solr-langid-5.3.0.jar
./bin/ext-commerce/solrserver/resources/solr/dist/solr-velocity-5.3.0.jar
./bin/ext-commerce/solrserver/resources/solr/dist/solr-core-5.3.0.jar
./bin/ext-commerce/solrserver/resources/solr/dist/solrj-lib/httpclient-4.4.1.jar
./bin/ext-commerce/solrserver/resources/solr/dist/solrj-lib/httpcore-4.4.1.jar
./bin/ext-commerce/solrserver/resources/solr/dist/solrj-lib/slf4j-api-1.7.7.jar
./bin/ext-commerce/solrserver/resources/solr/dist/solrj-lib/zookeeper-3.4.6.jar
./bin/ext-commerce/solrserver/resources/solr/dist/solrj-lib/stax2-api-3.1.4.jar
./bin/ext-commerce/solrserver/resources/solr/dist/solrj-lib/httpmime-4.4.1.jar
./bin/ext-commerce/solrserver/resources/solr/dist/solrj-lib/woodstox-core-asl-4.4.1.jar
./bin/ext-commerce/solrserver/resources/solr/dist/solrj-lib/noggit-0.6.jar
./bin/ext-commerce/solrserver/resources/solr/dist/solrj-lib/commons-io-2.4.jar
./bin/ext-commerce/solrserver/resources/solr/dist/solr-cell-5.3.0.jar
./bin/ext-commerce/solrserver/resources/solr/dist/solr-clustering-5.3.0.jar
./bin/ext-commerce/solrserver/resources/solr/dist/solr-dataimporthandler-5.3.0.jar
./bin/ext-commerce/solrserver/resources/solr/dist/solr-solrj-5.3.0.jar
./bin/ext-commerce/solrserver/resources/solr/dist/solr-morphlines-core-5.3.0.jar
./bin/ext-commerce/solrserver/resources/solr/dist/solr-test-framework-5.3.0.jar
./bin/ext-commerce/solrserver/resources/solr/dist/solr-dataimporthandler-extras-5.3.0.jar
./bin/ext-commerce/solrserver/resources/solr/dist/solr-analysis-extras-5.3.0.jar
./bin/ext-commerce/solrserver/resources/solr/dist/solr-map-reduce-5.3.0.jar
./bin/ext-commerce/solrserver/resources/solr/contrib/clustering/lib/mahout-collections-1.0.jar
./bin/ext-commerce/solrserver/resources/solr/contrib/clustering/lib/simple-xml-2.7.jar
./bin/ext-commerce/solrserver/resources/solr/contrib/clustering/lib/hppc-0.5.2.jar
./bin/ext-commerce/solrserver/resources/solr/contrib/clustering/lib/jackson-core-asl-1.9.13.jar
./bin/ext-commerce/solrserver/resources/solr/contrib/clustering/lib/mahout-math-0.6.jar
./bin/ext-commerce/solrserver/resources/solr/contrib/clustering/lib/carrot2-mini-3.9.0.jar
./bin/ext-commerce/solrserver/resources/solr/contrib/clustering/lib/attributes-binder-1.2.1.jar
./bin/ext-commerce/solrserver/resources/solr/contrib/clustering/lib/jackson-mapper-asl-1.9.13.jar
./bin/ext-commerce/solrserver/resources/solr/contrib/extraction/lib/pdfbox-1.8.8.jar
./bin/ext-commerce/solrserver/resources/solr/contrib/extraction/lib/apache-mime4j-core-0.7.2.jar
./bin/ext-commerce/solrserver/resources/solr/contrib/extraction/lib/rome-1.0.jar
./bin/ext-commerce/solrserver/resources/solr/contrib/extraction/lib/xercesImpl-2.9.1.jar
./bin/ext-commerce/solrserver/resources/solr/contrib/extraction/lib/commons-compress-1.8.1.jar
./bin/ext-commerce/solrserver/resources/solr/contrib/extraction/lib/isoparser-1.0.2.jar
./bin/ext-commerce/solrserver/resources/solr/contrib/extraction/lib/jempbox-1.8.8.jar
./bin/ext-commerce/solrserver/resources/solr/contrib/extraction/lib/icu4j-54.1.jar
./bin/ext-commerce/solrserver/resources/solr/contrib/extraction/lib/metadata-extractor-2.6.2.jar
./bin/ext-commerce/solrserver/resources/solr/contrib/extraction/lib/poi-scratchpad-3.11.jar
./bin/ext-commerce/solrserver/resources/solr/contrib/extraction/lib/tika-core-1.7.jar
./bin/ext-commerce/solrserver/resources/solr/contrib/extraction/lib/tika-java7-1.7.jar
./bin/ext-commerce/solrserver/resources/solr/contrib/extraction/lib/poi-ooxml-3.11.jar
./bin/ext-commerce/solrserver/resources/solr/contrib/extraction/lib/jmatio-1.0.jar
./bin/ext-commerce/solrserver/resources/solr/contrib/extraction/lib/juniversalchardet-1.0.3.jar
./bin/ext-commerce/solrserver/resources/solr/contrib/extraction/lib/poi-3.11.jar
./bin/ext-commerce/solrserver/resources/solr/contrib/extraction/lib/tagsoup-1.2.1.jar
./bin/ext-commerce/solrserver/resources/solr/contrib/extraction/lib/tika-xmp-1.7.jar
./bin/ext-commerce/solrserver/resources/solr/contrib/extraction/lib/poi-ooxml-schemas-3.11.jar
./bin/ext-commerce/solrserver/resources/solr/contrib/extraction/lib/tika-parsers-1.7.jar
./bin/ext-commerce/solrserver/resources/solr/contrib/extraction/lib/xz-1.5.jar
./bin/ext-commerce/solrserver/resources/solr/contrib/extraction/lib/xmlbeans-2.6.0.jar
./bin/ext-commerce/solrserver/resources/solr/contrib/extraction/lib/xmpcore-5.1.2.jar
./bin/ext-commerce/solrserver/resources/solr/contrib/extraction/lib/boilerpipe-1.1.0.jar
./bin/ext-commerce/solrserver/resources/solr/contrib/extraction/lib/aspectjrt-1.8.0.jar
./bin/ext-commerce/solrserver/resources/solr/contrib/extraction/lib/fontbox-1.8.8.jar
./bin/ext-commerce/solrserver/resources/solr/contrib/extraction/lib/vorbis-java-core-0.6.jar
./bin/ext-commerce/solrserver/resources/solr/contrib/extraction/lib/bcmail-jdk15-1.45.jar
./bin/ext-commerce/solrserver/resources/solr/contrib/extraction/lib/apache-mime4j-dom-0.7.2.jar
./bin/ext-commerce/solrserver/resources/solr/contrib/extraction/lib/java-libpst-0.8.1.jar
./bin/ext-commerce/solrserver/resources/solr/contrib/extraction/lib/bcprov-jdk15-1.45.jar
./bin/ext-commerce/solrserver/resources/solr/contrib/extraction/lib/vorbis-java-tika-0.6.jar
./bin/ext-commerce/solrserver/resources/solr/contrib/extraction/lib/jdom-1.0.jar
./bin/ext-commerce/solrserver/resources/solr/contrib/hybris/lib/hybriscomponents.jar
./bin/ext-commerce/solrserver/resources/solr/contrib/map-reduce/lib/kite-morphlines-saxon-1.1.0.jar
./bin/ext-commerce/solrserver/resources/solr/contrib/map-reduce/lib/Saxon-HE-9.6.0-2.jar
./bin/ext-commerce/solrserver/resources/solr/contrib/map-reduce/lib/argparse4j-0.4.3.jar
./bin/ext-commerce/solrserver/resources/solr/contrib/map-reduce/lib/kite-morphlines-hadoop-sequencefile-1.1.0.jar
./bin/ext-commerce/solrserver/resources/solr/contrib/map-reduce/lib/hadoop-mapreduce-client-core-2.6.0.jar
./bin/ext-commerce/solrserver/resources/solr/contrib/analysis-extras/lucene-libs/lucene-analyzers-icu-5.3.0.jar
./bin/ext-commerce/solrserver/resources/solr/contrib/analysis-extras/lucene-libs/lucene-analyzers-stempel-5.3.0.jar
./bin/ext-commerce/solrserver/resources/solr/contrib/analysis-extras/lucene-libs/lucene-analyzers-smartcn-5.3.0.jar
./bin/ext-commerce/solrserver/resources/solr/contrib/analysis-extras/lucene-libs/lucene-analyzers-morfologik-5.3.0.jar
./bin/ext-commerce/solrserver/resources/solr/contrib/analysis-extras/lib/morfologik-polish-1.7.1.jar
./bin/ext-commerce/solrserver/resources/solr/contrib/analysis-extras/lib/icu4j-54.1.jar
./bin/ext-commerce/solrserver/resources/solr/contrib/analysis-extras/lib/morfologik-stemming-1.7.1.jar
./bin/ext-commerce/solrserver/resources/solr/contrib/analysis-extras/lib/morfologik-fsa-1.7.1.jar
./bin/ext-commerce/solrserver/resources/solr/contrib/velocity/lib/velocity-tools-2.0.jar
./bin/ext-commerce/solrserver/resources/solr/contrib/velocity/lib/commons-collections-3.2.1.jar
./bin/ext-commerce/solrserver/resources/solr/contrib/velocity/lib/commons-beanutils-1.8.3.jar
./bin/ext-commerce/solrserver/resources/solr/contrib/velocity/lib/velocity-1.7.jar
./bin/ext-commerce/solrserver/resources/solr/contrib/uima/lucene-libs/lucene-analyzers-uima-5.3.0.jar
./bin/ext-commerce/solrserver/resources/solr/contrib/uima/lib/commons-digester-2.1.jar
./bin/ext-commerce/solrserver/resources/solr/contrib/uima/lib/WhitespTokenizer-2.3.1.jar
./bin/ext-commerce/solrserver/resources/solr/contrib/uima/lib/AlchemyAPIAnnotator-2.3.1.jar
./bin/ext-commerce/solrserver/resources/solr/contrib/uima/lib/Tagger-2.3.1.jar
./bin/ext-commerce/solrserver/resources/solr/contrib/uima/lib/OpenCalaisAnnotator-2.3.1.jar
./bin/ext-commerce/solrserver/resources/solr/contrib/uima/lib/uimaj-core-2.3.1.jar
./bin/ext-commerce/solrserver/resources/solr/contrib/morphlines-cell/lib/kite-morphlines-tika-decompress-1.1.0.jar
./bin/ext-commerce/solrserver/resources/solr/contrib/morphlines-cell/lib/kite-morphlines-twitter-1.1.0.jar
./bin/ext-commerce/solrserver/resources/solr/contrib/morphlines-cell/lib/kite-morphlines-json-1.1.0.jar
./bin/ext-commerce/solrserver/resources/solr/contrib/morphlines-cell/lib/kite-morphlines-tika-core-1.1.0.jar
./bin/ext-commerce/solrserver/resources/solr/contrib/dataimporthandler-extras/lib/activation-1.1.1.jar
./bin/ext-commerce/solrserver/resources/solr/contrib/dataimporthandler-extras/lib/gimap-1.5.1.jar
./bin/ext-commerce/solrserver/resources/solr/contrib/dataimporthandler-extras/lib/javax.mail-1.5.1.jar
./bin/ext-commerce/solrserver/resources/solr/contrib/morphlines-core/lib/kite-morphlines-avro-1.1.0.jar
./bin/ext-commerce/solrserver/resources/solr/contrib/morphlines-core/lib/kite-morphlines-core-1.1.0.jar
./bin/ext-commerce/solrserver/resources/solr/contrib/morphlines-core/lib/metrics-core-3.0.1.jar
./bin/ext-commerce/solrserver/resources/solr/contrib/morphlines-core/lib/config-1.0.2.jar
./bin/ext-commerce/solrserver/resources/solr/contrib/morphlines-core/lib/metrics-healthchecks-3.0.1.jar
./bin/ext-commerce/solrserver/resources/solr/contrib/langid/lib/jsonic-1.2.7.jar
./bin/ext-commerce/solrserver/resources/solr/contrib/langid/lib/langdetect-1.1-20120112.jar
./bin/ext-commerce/solrserver/resources/solr/server/start.jar
./bin/ext-commerce/solrserver/resources/solr/server/lib/jetty-jmx-9.2.11.v20150529.jar
./bin/ext-commerce/solrserver/resources/solr/server/lib/jetty-servlets-9.2.11.v20150529.jar
./bin/ext-commerce/solrserver/resources/solr/server/lib/jetty-util-9.2.11.v20150529.jar
./bin/ext-commerce/solrserver/resources/solr/server/lib/jetty-deploy-9.2.11.v20150529.jar
./bin/ext-commerce/solrserver/resources/solr/server/lib/jetty-rewrite-9.2.11.v20150529.jar
./bin/ext-commerce/solrserver/resources/solr/server/lib/jetty-servlet-9.2.11.v20150529.jar
./bin/ext-commerce/solrserver/resources/solr/server/lib/jetty-http-9.2.11.v20150529.jar
./bin/ext-commerce/solrserver/resources/solr/server/lib/jetty-server-9.2.11.v20150529.jar
./bin/ext-commerce/solrserver/resources/solr/server/lib/jetty-continuation-9.2.11.v20150529.jar
./bin/ext-commerce/solrserver/resources/solr/server/lib/jetty-xml-9.2.11.v20150529.jar
./bin/ext-commerce/solrserver/resources/solr/server/lib/jetty-security-9.2.11.v20150529.jar
./bin/ext-commerce/solrserver/resources/solr/server/lib/javax.servlet-api-3.1.0.jar
./bin/ext-commerce/solrserver/resources/solr/server/lib/jetty-io-9.2.11.v20150529.jar
./bin/ext-commerce/solrserver/resources/solr/server/lib/jetty-webapp-9.2.11.v20150529.jar
./bin/ext-commerce/solrserver/resources/solr/server/lib/ext/jcl-over-slf4j-1.7.7.jar
./bin/ext-commerce/solrserver/resources/solr/server/lib/ext/slf4j-log4j12-1.7.7.jar
./bin/ext-commerce/solrserver/resources/solr/server/lib/ext/slf4j-api-1.7.7.jar
./bin/ext-commerce/solrserver/resources/solr/server/lib/ext/jul-to-slf4j-1.7.7.jar
./bin/ext-commerce/solrserver/resources/solr/server/lib/ext/log4j-1.2.17.jar
./bin/ext-commerce/solrserver/resources/solr/server/solr-webapp/webapp/WEB-INF/lib/concurrentlinkedhashmap-lru-1.2.jar
./bin/ext-commerce/solrserver/resources/solr/server/solr-webapp/webapp/WEB-INF/lib/lucene-spatial-5.3.0.jar
./bin/ext-commerce/solrserver/resources/solr/server/solr-webapp/webapp/WEB-INF/lib/joda-time-2.2.jar
./bin/ext-commerce/solrserver/resources/solr/server/solr-webapp/webapp/WEB-INF/lib/httpclient-4.4.1.jar
./bin/ext-commerce/solrserver/resources/solr/server/solr-webapp/webapp/WEB-INF/lib/commons-lang-2.6.jar
./bin/ext-commerce/solrserver/resources/solr/server/solr-webapp/webapp/WEB-INF/lib/htr-core-3.0.4.jar
./bin/ext-commerce/solrserver/resources/solr/server/solr-webapp/webapp/WEB-INF/lib/asm-commons-4.1.jar
./bin/ext-commerce/solrserver/resources/solr/server/solr-webapp/webapp/WEB-INF/lib/httpcore-4.4.1.jar
./bin/ext-commerce/solrserver/resources/solr/server/solr-webapp/webapp/WEB-INF/lib/hadoop-annotations-2.6.0.jar
./bin/ext-commerce/solrserver/resources/solr/server/solr-webapp/webapp/WEB-INF/lib/asm-4.1.jar
./bin/ext-commerce/solrserver/resources/solr/server/solr-webapp/webapp/WEB-INF/lib/dom4j-1.6.1.jar
./bin/ext-commerce/solrserver/resources/solr/server/solr-webapp/webapp/WEB-INF/lib/antlr-runtime-3.5.jar
./bin/ext-commerce/solrserver/resources/solr/server/solr-webapp/webapp/WEB-INF/lib/lucene-join-5.3.0.jar
./bin/ext-commerce/solrserver/resources/solr/server/solr-webapp/webapp/WEB-INF/lib/lucene-core-5.3.0.jar
./bin/ext-commerce/solrserver/resources/solr/server/solr-webapp/webapp/WEB-INF/lib/solr-core-5.3.0.jar
./bin/ext-commerce/solrserver/resources/solr/server/solr-webapp/webapp/WEB-INF/lib/jackson-dataformat-smile-2.5.4.jar
./bin/ext-commerce/solrserver/resources/solr/server/solr-webapp/webapp/WEB-INF/lib/org.restlet.ext.servlet-2.3.0.jar
./bin/ext-commerce/solrserver/resources/solr/server/solr-webapp/webapp/WEB-INF/lib/lucene-analyzers-kuromoji-5.3.0.jar
./bin/ext-commerce/solrserver/resources/solr/server/solr-webapp/webapp/WEB-INF/lib/hadoop-auth-2.6.0.jar
./bin/ext-commerce/solrserver/resources/solr/server/solr-webapp/webapp/WEB-INF/lib/lucene-memory-5.3.0.jar
./bin/ext-commerce/solrserver/resources/solr/server/solr-webapp/webapp/WEB-INF/lib/commons-configuration-1.6.jar
./bin/ext-commerce/solrserver/resources/solr/server/solr-webapp/webapp/WEB-INF/lib/zookeeper-3.4.6.jar
./bin/ext-commerce/solrserver/resources/solr/server/solr-webapp/webapp/WEB-INF/lib/lucene-suggest-5.3.0.jar
./bin/ext-commerce/solrserver/resources/solr/server/solr-webapp/webapp/WEB-INF/lib/jackson-core-2.5.4.jar
./bin/ext-commerce/solrserver/resources/solr/server/solr-webapp/webapp/WEB-INF/lib/stax2-api-3.1.4.jar
./bin/ext-commerce/solrserver/resources/solr/server/solr-webapp/webapp/WEB-INF/lib/httpmime-4.4.1.jar
./bin/ext-commerce/solrserver/resources/solr/server/solr-webapp/webapp/WEB-INF/lib/commons-collections-3.2.1.jar
./bin/ext-commerce/solrserver/resources/solr/server/solr-webapp/webapp/WEB-INF/lib/lucene-codecs-5.3.0.jar
./bin/ext-commerce/solrserver/resources/solr/server/solr-webapp/webapp/WEB-INF/lib/lucene-expressions-5.3.0.jar
./bin/ext-commerce/solrserver/resources/solr/server/solr-webapp/webapp/WEB-INF/lib/lucene-analyzers-phonetic-5.3.0.jar
./bin/ext-commerce/solrserver/resources/solr/server/solr-webapp/webapp/WEB-INF/lib/protobuf-java-2.5.0.jar
./bin/ext-commerce/solrserver/resources/solr/server/solr-webapp/webapp/WEB-INF/lib/hadoop-common-2.6.0.jar
./bin/ext-commerce/solrserver/resources/solr/server/solr-webapp/webapp/WEB-INF/lib/guava-14.0.1.jar
./bin/ext-commerce/solrserver/resources/solr/server/solr-webapp/webapp/WEB-INF/lib/hppc-0.5.2.jar
./bin/ext-commerce/solrserver/resources/solr/server/solr-webapp/webapp/WEB-INF/lib/spatial4j-0.4.1.jar
./bin/ext-commerce/solrserver/resources/solr/server/solr-webapp/webapp/WEB-INF/lib/hadoop-hdfs-2.6.0.jar
./bin/ext-commerce/solrserver/resources/solr/server/solr-webapp/webapp/WEB-INF/lib/org.restlet-2.3.0.jar
./bin/ext-commerce/solrserver/resources/solr/server/solr-webapp/webapp/WEB-INF/lib/lucene-sandbox-5.3.0.jar
./bin/ext-commerce/solrserver/resources/solr/server/solr-webapp/webapp/WEB-INF/lib/commons-codec-1.10.jar
./bin/ext-commerce/solrserver/resources/solr/server/solr-webapp/webapp/WEB-INF/lib/commons-fileupload-1.2.1.jar
./bin/ext-commerce/solrserver/resources/solr/server/solr-webapp/webapp/WEB-INF/lib/commons-cli-1.2.jar
./bin/ext-commerce/solrserver/resources/solr/server/solr-webapp/webapp/WEB-INF/lib/solr-solrj-5.3.0.jar
./bin/ext-commerce/solrserver/resources/solr/server/solr-webapp/webapp/WEB-INF/lib/lucene-highlighter-5.3.0.jar
./bin/ext-commerce/solrserver/resources/solr/server/solr-webapp/webapp/WEB-INF/lib/lucene-analyzers-common-5.3.0.jar
./bin/ext-commerce/solrserver/resources/solr/server/solr-webapp/webapp/WEB-INF/lib/lucene-backward-codecs-5.3.0.jar
./bin/ext-commerce/solrserver/resources/solr/server/solr-webapp/webapp/WEB-INF/lib/lucene-queryparser-5.3.0.jar
./bin/ext-commerce/solrserver/resources/solr/server/solr-webapp/webapp/WEB-INF/lib/woodstox-core-asl-4.4.1.jar
./bin/ext-commerce/solrserver/resources/solr/server/solr-webapp/webapp/WEB-INF/lib/t-digest-3.1.jar
./bin/ext-commerce/solrserver/resources/solr/server/solr-webapp/webapp/WEB-INF/lib/lucene-misc-5.3.0.jar
./bin/ext-commerce/solrserver/resources/solr/server/solr-webapp/webapp/WEB-INF/lib/lucene-grouping-5.3.0.jar
./bin/ext-commerce/solrserver/resources/solr/server/solr-webapp/webapp/WEB-INF/lib/noggit-0.6.jar
./bin/ext-commerce/solrserver/resources/solr/server/solr-webapp/webapp/WEB-INF/lib/commons-exec-1.3.jar
./bin/ext-commerce/solrserver/resources/solr/server/solr-webapp/webapp/WEB-INF/lib/lucene-queries-5.3.0.jar
./bin/ext-commerce/solrserver/resources/solr/server/solr-webapp/webapp/WEB-INF/lib/commons-io-2.4.jar
./bin/ext-commerce/commerceservices/hmc/bin/commerceserviceshmc.jar
./bin/ext-commerce/financialcockpits/bin/financialcockpitsserver.jar
./bin/ext-commerce/subscriptionserviceshmc/bin/subscriptionserviceshmcserver.jar
./bin/ext-commerce/subscriptionserviceshmc/hmc/bin/subscriptionserviceshmchmc.jar
./bin/ext-commerce/b2bcommerce/bin/b2bcommerceserver.jar
./bin/ext-commerce/b2bcommerce/hmc/bin/b2bcommercehmc.jar
./bin/ext-commerce/btg/bin/btgserver.jar
./bin/ext-commerce/btg/hmc/bin/btghmc.jar
./bin/ext-commerce/configurablebundleservices/bin/configurablebundleservicesserver.jar
./bin/ext-commerce/basecommerce/bin/basecommerceserver.jar
./bin/ext-commerce/basecommerce/lib/dom4j-1.6.1.jar
./bin/ext-commerce/basecommerce/lib/dumbster-1.6.jar
./bin/ext-commerce/basecommerce/lib/groboutils-core-5.jar
./bin/ext-commerce/basecommerce/lib/geodesy-1.0.jar
./bin/ext-commerce/basecommerce/hmc/bin/basecommercehmc.jar
./bin/ext-commerce/commercewebservicescommons/lib/java-sizeof-0.0.4.jar
./bin/ext-commerce/commercewebservicescommons/lib/paranamer-2.6.jar
./bin/ext-commerce/commercewebservicescommons/lib/orika-core-1.4.5.jar
./bin/ext-commerce/emsui/bin/emsuiserver.jar
./bin/ext-commerce/hyend2/bin/hyend2server.jar
./bin/ext-commerce/hyend2/lib/cxf-rt-frontend-simple-2.4.2.jar
./bin/ext-commerce/hyend2/lib/cxf-rt-core-2.4.2.jar
./bin/ext-commerce/hyend2/lib/cxf-rt-bindings-xml-2.4.2.jar
./bin/ext-commerce/hyend2/lib/cxf-common-utilities-2.4.2.jar
./bin/ext-commerce/hyend2/lib/cxf-rt-ws-addr-2.4.2.jar
./bin/ext-commerce/hyend2/lib/cxf-rt-transports-http-2.4.2.jar
./bin/ext-commerce/hyend2/lib/cxf-rt-databinding-jaxb-2.4.2.jar
./bin/ext-commerce/hyend2/lib/cxf-tools-common-2.4.2.jar
./bin/ext-commerce/hyend2/lib/wsdl4j-1.6.2.jar
./bin/ext-commerce/hyend2/lib/cxf-rt-transports-common-2.4.2.jar
./bin/ext-commerce/hyend2/lib/axis-1.4.jar
./bin/ext-commerce/hyend2/lib/FastInfoset-1.2.7.jar
./bin/ext-commerce/hyend2/lib/cxf-logger-workaround-3.0.1-SNAPSHOT.jar
./bin/ext-commerce/hyend2/lib/cxf-rt-frontend-jaxws-2.4.2.jar
./bin/ext-commerce/hyend2/lib/cxf-api-2.4.2.jar
./bin/ext-commerce/hyend2/lib/jaxrpc-1.1.jar
./bin/ext-commerce/hyend2/lib/cxf-rt-bindings-soap-2.4.2.jar
./bin/ext-commerce/hyend2/lib/xmlschema-core-2.0.jar
./bin/ext-commerce/hyend2/lib/neethi-3.0.1.jar
./bin/ext-commerce/hyend2/hmc/bin/hyend2hmc.jar
./bin/ext-commerce/customerreview/bin/customerreviewserver.jar
./bin/ext-commerce/customerreview/hmc/bin/customerreviewhmc.jar
./bin/ext-commerce/subscriptioncockpits/bin/subscriptioncockpitsserver.jar
./bin/ext-commerce/solrftsearch/bin/solrftsearchserver.jar
./bin/ext-commerce/solrftsearch/lib/httpclient-4.4.1.jar
./bin/ext-commerce/solrftsearch/lib/httpcore-4.4.1.jar
./bin/ext-commerce/solrftsearch/lib/slf4j-api-1.7.7.jar
./bin/ext-commerce/solrftsearch/lib/zookeeper-3.4.6.jar
./bin/ext-commerce/solrftsearch/lib/stax2-api-3.1.4.jar
./bin/ext-commerce/solrftsearch/lib/httpmime-4.4.1.jar
./bin/ext-commerce/solrftsearch/lib/java-sizeof-0.0.4.jar
./bin/ext-commerce/solrftsearch/lib/paranamer-2.6.jar
./bin/ext-commerce/solrftsearch/lib/orika-core-1.4.5.jar
./bin/ext-commerce/solrftsearch/lib/solr-solrj-5.3.0.jar
./bin/ext-commerce/solrftsearch/lib/woodstox-core-asl-4.4.1.jar
./bin/ext-commerce/solrftsearch/lib/noggit-0.6.jar
./bin/ext-commerce/solrftsearch/lib/commons-io-2.4.jar
./bin/ext-commerce/wishlist/bin/wishlistserver.jar
./bin/ext-commerce/wishlist/hmc/bin/wishlisthmc.jar
./bin/ext-commerce/entitlementcockpits/bin/entitlementcockpitsserver.jar
./bin/ext-commerce/commercefacades/lib/xstream-1.4.2.jar
./bin/ext-commerce/commercesearch/bin/commercesearchserver.jar
./bin/ext-commerce/payment/bin/paymentserver.jar
./bin/ext-commerce/payment/hmc/bin/paymenthmc.jar
./bin/ext-commerce/commercesearchhmc/bin/commercesearchhmcserver.jar
./bin/ext-commerce/commercesearchhmc/hmc/bin/commercesearchhmchmc.jar
./bin/ext-commerce/configurablebundlecockpits/bin/configurablebundlecockpitsserver.jar
./bin/ext-commerce/warehousing/bin/warehousingserver.jar
./bin/ext-commerce/subscriptionservices/bin/subscriptionservicesserver.jar
./bin/ext-commerce/voucher/bin/voucherserver.jar
./bin/ext-commerce/voucher/hmc/bin/voucherhmc.jar
./bin/ext-commerce/subscriptionfacades/lib/kxml2-2.1.8.jar
./bin/ext-commerce/entitlementfacades/bin/entitlementfacadesserver.jar
./bin/ext-commerce/entitlementfacades/lib/hybris-commons-conversion.jar
./bin/ext-commerce/btgcockpit/bin/btgcockpitserver.jar
./bin/ext-commerce/xyformsfacades/lib/saxon-9.1.0.8.jar
./bin/ext-commerce/xyformsfacades/lib/jdom-2.0.5.jar
./bin/ext-commerce/b2badmincockpit/bin/b2badmincockpitserver.jar
./bin/ext-commerce/promotions/bin/promotionsserver.jar
./bin/ext-commerce/promotions/hmc/bin/promotionshmc.jar
./bin/ext-commerce/entitlementservices/bin/entitlementservicesserver.jar
./bin/ext-commerce/entitlementservices/lib/entitlements-api.jar
./bin/ext-commerce/entitlementservices/lib/powermock-mockito-1.6.1-full.jar
./bin/ext-commerce/entitlementservices/lib/hybris-commons-dto.jar
./bin/ext-commerce/ticketsystem/bin/ticketsystemserver.jar
./bin/ext-commerce/ticketsystem/hmc/bin/ticketsystemhmc.jar
./bin/ext-template/ychinaacceleratorstorefront/web/webroot/WEB-INF/lib/jsoup-1.6.1.jar
./bin/ext-template/ychinaacceleratorstorefront/web/webroot/WEB-INF/lib/granule-1.0.9.jar
./bin/ext-template/ychinaacceleratorstorefront/web/webroot/WEB-INF/lib/jstl-impl-1.2.jar
./bin/ext-template/ychinaacceleratorstorefront/web/webroot/WEB-INF/lib/json-taglib-0.4.1.jar
./bin/ext-template/ychinaacceleratorstorefront/web/webroot/WEB-INF/lib/spring-security-taglibs-3.1.1.RELEASE.jar
./bin/ext-template/ychinaacceleratorstorefront/web/webroot/WEB-INF/doc/spring-webmvc-3.1.4.RELEASE-sources.jar
./bin/ext-template/ychinaacceleratorstorefront/web/webroot/WEB-INF/doc/spring-security-taglibs-3.1.1.RELEASE-sources.jar
./bin/ext-template/ychinaacceleratorstorefront/lib/jackson-mapper-asl-1.9.11.jar
./bin/ext-template/ychinaacceleratorstorefront/lib/jackson-core-asl-1.9.11.jar
./bin/ext-template/ycommercewebservicestest/lib/httpclient-4.4.1.jar
./bin/ext-template/ycommercewebservicestest/lib/commons-lang3-3.3.2.jar
./bin/ext-template/ycommercewebservicestest/lib/xercesImpl-2.11.0.jar
./bin/ext-template/ycommercewebservicestest/lib/httpcore-4.4.1.jar
./bin/ext-template/ycommercewebservicestest/lib/ezmorph-1.0.6.jar
./bin/ext-template/ycommercewebservicestest/lib/spock-core-0.7-groovy-2.0.jar
./bin/ext-template/ycommercewebservicestest/lib/xml-apis-1.4.01.jar
./bin/ext-template/ycommercewebservicestest/lib/nekohtml-1.9.16.jar
./bin/ext-template/ycommercewebservicestest/lib/json-lib-2.4-jdk13.jar
./bin/ext-template/ycommercewebservicestest/lib/httpmime-4.4.1.jar
./bin/ext-template/ycommercewebservicestest/lib/commons-codec-1.10.jar
./bin/ext-template/ycommercewebservicestest/lib/http-builder-0.7.1.jar
./bin/ext-template/ycommercewebservicestest/lib/json-lib-2.3-jdk15.jar
./bin/ext-template/ycommercewebservicestest/lib/xml-resolver-1.2.jar
./bin/ext-template/ycommercewebservicestest/lib/commons-io-2.4.jar
./bin/ext-template/yacceleratorstorefront/web/webroot/WEB-INF/lib/rhino1_7R4.jar
./bin/ext-template/yacceleratorstorefront/web/webroot/WEB-INF/lib/jsoup-1.6.1.jar
./bin/ext-template/yacceleratorstorefront/web/webroot/WEB-INF/lib/granule-1.0.9.jar
./bin/ext-template/yacceleratorstorefront/web/webroot/WEB-INF/lib/jstl-impl-1.2.jar
./bin/ext-template/yacceleratorstorefront/web/webroot/WEB-INF/lib/json-taglib-0.4.1.jar
./bin/ext-template/yacceleratorstorefront/web/webroot/WEB-INF/lib/spring-security-taglibs-3.2.3.RELEASE.jar
./bin/ext-template/yacceleratorstorefront/web/webroot/WEB-INF/doc/spring-security-taglibs-3.2.3.RELEASE-sources.jar
./bin/ext-template/yacceleratorstorefront/lib/jackson-mapper-asl-1.9.11.jar
./bin/ext-template/yacceleratorstorefront/lib/jackson-core-asl-1.9.11.jar
./bin/ext-template/yaddon/hmc/bin/yaddonhmc.jar
./bin/ext-template/ycommercewebservices/web/webroot/WEB-INF/lib/cors-filter-1.8.jar
./bin/ext-template/ycommercewebservices/web/webroot/WEB-INF/lib/jstl-1.2.jar
./bin/ext-template/ycommercewebservices/web/webroot/WEB-INF/lib/stax-utils-20070216.jar
./bin/ext-template/ycommercewebservices/web/webroot/WEB-INF/lib/java-property-utils-1.9.jar
./bin/ext-template/ycommercewebservices/web/webroot/WEB-INF/lib/spring-security-oauth2-2.0.6.RELEASE.jar
./bin/ext-template/ycommercewebservices/lib/org.eclipse.persistence.asm-2.6.0.jar
./bin/ext-template/ycommercewebservices/lib/javax.json-api-1.0.jar
./bin/ext-template/ycommercewebservices/lib/org.eclipse.persistence.antlr-2.6.0.jar
./bin/ext-template/ycommercewebservices/lib/javax.json-1.0.4.jar
./bin/ext-template/ycommercewebservices/lib/org.eclipse.persistence.moxy-2.6.0.jar
./bin/ext-template/ycommercewebservices/lib/org.eclipse.persistence.core-2.6.0.jar
./bin/ext-template/ycommercewebservices/lib/kxml2-2.1.8.jar
./bin/ext-integration/datahubadapter/bin/datahubadapterserver.jar
./bin/ext-integration/datahubadapter/web/webroot/WEB-INF/lib/cors-filter-1.8.jar
./bin/ext-integration/datahubadapter/web/webroot/WEB-INF/lib/jstl-1.2.jar
./bin/ext-integration/datahubadapter/web/webroot/WEB-INF/lib/stax-utils-20070216.jar
./bin/ext-integration/datahubadapter/web/webroot/WEB-INF/lib/java-property-utils-1.9.jar
./bin/ext-integration/datahubadapter/web/webroot/WEB-INF/lib/spring-security-oauth2-2.0.6.RELEASE.jar
./bin/ext-integration/datahubadapter/lib/jersey-client-1.18.jar
./bin/ext-integration/datahubadapter/lib/jersey-core-1.18.jar
./bin/ext-integration/datahubadapter/lib/xpp3-1.1.4c.jar
./bin/ext-integration/datahubadapter/lib/jersey-server-1.18.jar
./bin/ext-integration/datahubadapter/lib/oro-2.0.8.jar
./bin/ext-integration/datahubadapter/lib/kxml2-2.1.8.jar
./bin/ext-integration/datahubadapter/lib/jersey-spring-1.18.jar
./bin/ext-integration/sap/core/sapcoreodata/lib/com.google.code.gson-gson-2.2.2.jar
./bin/ext-integration/sap/core/sapcoreodata/lib/org.apache.olingo-olingo-odata2-core-1.2.0.jar
./bin/ext-integration/sap/core/sapcoreodata/lib/org.apache.olingo-olingo-odata2-api-annotation-1.2.0.jar
./bin/ext-integration/sap/core/sapcoreodata/lib/commons-codec-commons-codec-1.6.jar
./bin/ext-integration/sap/core/sapcoreodata/lib/org.apache.olingo-olingo-odata2-api-1.2.0.jar
./bin/ext-integration/sap/core/sapcoreodata/lib/javax.ws.rs-javax.ws.rs-api-2.0-m10.jar
./bin/ext-integration/sap/core/sapcorejco/lib/sapjco3.jar
./bin/ext-integration/sap/adtreco/sapadtreco/lib/cxf-rt-transports-http-2.6.0.jar
./bin/ext-integration/sap/adtreco/sapadtreco/lib/javax.ws.rs-api-2.0-m10.jar
./bin/ext-integration/sap/adtreco/sapadtreco/lib/httpclient-cache-4.3.1.jar
./bin/ext-integration/sap/adtreco/sapadtreco/lib/httpmime-4.3.1.jar
./bin/ext-integration/sap/adtreco/sapadtreco/lib/httpclient-4.3.1.jar
./bin/ext-integration/sap/adtreco/sapadtreco/lib/httpcore-4.3.jar
./bin/ext-integration/sap/adtreco/sapadtreco/lib/core4j-0.5.jar
./bin/ext-integration/sap/adtreco/sapadtreco/lib/cxf-rt-bindings-xml-2.6.0.jar
./bin/ext-integration/sap/adtreco/sapadtreco/lib/cxf-rt-core-2.6.0.jar
./bin/ext-integration/sap/adtreco/sapadtreco/lib/cxf-api-2.6.0.jar
./bin/ext-integration/sap/adtreco/sapadtreco/lib/cxf-rt-frontend-jaxrs-2.6.0.jar
./bin/ext-integration/datahubbackoffice/bin/datahubbackofficeserver.jar
./bin/ext-integration/datahubbackoffice/resources/backoffice/datahubbackoffice_bof.jar
./bin/ext-integration/datahubbackoffice/lib/datahub-entity-model-5.7.0.0-RC5.jar
./bin/ext-integration/datahubbackoffice/lib/jersey-client-1.18.jar
./bin/ext-integration/datahubbackoffice/lib/datahub-dto-5.7.0.0-RC5.jar
./bin/ext-integration/datahubbackoffice/lib/jersey-core-1.18.jar
./bin/ext-integration/datahubbackoffice/lib/commons-lang3-3.1.jar
./bin/ext-integration/datahubbackoffice/lib/datahub-rest-client-5.7.0.0-RC5.jar
./bin/ext-integration/datahubbackoffice/lib/jersey-server-1.18.jar
./bin/ext-integration/datahubbackoffice/lib/jackson-jaxrs-1.9.13.jar
./bin/ext-integration/datahubbackoffice/lib/datahub-api-5.7.0.0-RC5.jar
./bin/ext-integration/datahubbackoffice/overlay/datahub-ui-core-5.7.0.0-RC2.jar
./bin/ext-integration/datahub/sdk/datahub-extension-sdk-5.7.0.2-RC1.jar
./bin/ext-integration/datahub/sdk/datahub-extension-sdk-5.7.0.2-RC1-javadoc.jar
./bin/ext-integration/datahub/extensions/c4c-integration/c4c-integration-sync-5.7.0.0-RC5.jar
./bin/ext-integration/datahub/extensions/c4c-integration/c4c-integration-target-5.7.0.0-RC5.jar
./bin/ext-integration/datahub/extensions/c4c-integration/dependencies/asm-5.0.4.jar
./bin/ext-integration/datahub/extensions/c4c-integration/dependencies/jaxb-impl-2.2.11.jar
./bin/ext-integration/datahub/extensions/c4c-integration/dependencies/cxf-rt-frontend-jaxws-3.1.2.jar
./bin/ext-integration/datahub/extensions/c4c-integration/dependencies/cxf-rt-databinding-jaxb-3.1.2.jar
./bin/ext-integration/datahub/extensions/c4c-integration/dependencies/cxf-core-3.1.2.jar
./bin/ext-integration/datahub/extensions/c4c-integration/dependencies/stax2-api-3.1.4.jar
./bin/ext-integration/datahub/extensions/c4c-integration/dependencies/cxf-rt-bindings-soap-3.1.2.jar
./bin/ext-integration/datahub/extensions/c4c-integration/dependencies/cxf-rt-wsdl-3.1.2.jar
./bin/ext-integration/datahub/extensions/c4c-integration/dependencies/cxf-rt-bindings-xml-3.1.2.jar
./bin/ext-integration/datahub/extensions/c4c-integration/dependencies/xmlschema-core-2.2.1.jar
./bin/ext-integration/datahub/extensions/c4c-integration/dependencies/cxf-rt-transports-http-3.1.2.jar
./bin/ext-integration/datahub/extensions/c4c-integration/dependencies/cxf-rt-frontend-simple-3.1.2.jar
./bin/ext-integration/datahub/extensions/c4c-integration/dependencies/woodstox-core-asl-4.4.1.jar
./bin/ext-integration/datahub/extensions/c4c-integration/dependencies/xml-resolver-1.2.jar
./bin/ext-integration/datahub/extensions/c4c-integration/dependencies/wsdl4j-1.6.3.jar
./bin/ext-integration/datahub/extensions/c4c-integration/dependencies/jaxb-core-2.2.11.jar
./bin/ext-integration/datahub/extensions/c4c-integration/c4c-integration-canonical-5.7.0.0-RC5.jar
./bin/ext-integration/datahub/extensions/c4c-integration/c4c-integration-raw-5.7.0.0-RC5.jar
./bin/ext-integration/datahub/extensions/c4c-integration/c4c-integration-soap-adapter-5.7.0.0-RC5.jar
./bin/ext-integration/datahub/extensions/sap/sapidocoutboundadapter-5.7.0.2-RC1.jar
./bin/ext-integration/datahub/extensions/sap/sapcustomer-target-5.7.0.2-RC1.jar
./bin/ext-integration/datahub/extensions/sap/sapidocintegration-5.7.0.2-RC1.jar
./bin/ext-integration/datahub/extensions/sap/sappricing-raw-bonusbuy-5.7.0.2-RC1.jar
./bin/ext-integration/datahub/extensions/sap/sapproduct-raw-5.7.0.2-RC1.jar
./bin/ext-integration/datahub/extensions/sap/sappricing-target-bonusbuy-5.7.0.2-RC1.jar
./bin/ext-integration/datahub/extensions/sap/sapproductconfiguration-5.7.0.2-RC1.jar
./bin/ext-integration/datahub/extensions/sap/sappricing-canonical-bonusbuy-5.7.0.2-RC1.jar
./bin/ext-integration/datahub/extensions/sap/sappricing-canonical-5.7.0.2-RC1.jar
./bin/ext-integration/datahub/extensions/sap/sapcoreconfiguration-5.7.0.2-RC1.jar
./bin/ext-integration/datahub/extensions/sap/saporder-raw-5.7.0.2-RC1.jar
./bin/ext-integration/datahub/extensions/sap/sapcustomer-canonical-5.7.0.2-RC1.jar
./bin/ext-integration/datahub/extensions/sap/sapcustomer-raw-5.7.0.2-RC1.jar
./bin/ext-integration/datahub/extensions/sap/saporder-canonical-5.7.0.2-RC1.jar
./bin/ext-integration/datahub/extensions/sap/sappricing-target-5.7.0.2-RC1.jar
./bin/ext-integration/datahub/extensions/sap/sapproduct-canonical-5.7.0.2-RC1.jar
./bin/ext-integration/datahub/extensions/sap/sapproduct-target-5.7.0.2-RC1.jar
./bin/ext-integration/datahub/extensions/sap/sappricing-raw-5.7.0.2-RC1.jar
./bin/ext-integration/datahub/extensions/sap/saporder-target-5.7.0.2-RC1.jar
./bin/ext-integration/datahub/extensions/sap/sources/sapproductconfiguration-5.7.0.2-RC1-sources.jar
./bin/ext-integration/datahub/extensions/sap/sources/sappricing-target-bonusbuy-5.7.0.2-RC1-sources.jar
./bin/ext-integration/datahub/extensions/sap/sources/sapcoreconfiguration-5.7.0.2-RC1-sources.jar
./bin/ext-integration/datahub/extensions/sap/sources/sapcustomer-target-5.7.0.2-RC1-sources.jar
./bin/ext-integration/datahub/extensions/sap/sources/sapcustomer-canonical-5.7.0.2-RC1-sources.jar
./bin/ext-integration/datahub/extensions/sap/sources/sapproduct-target-5.7.0.2-RC1-sources.jar
./bin/ext-integration/datahub/extensions/sap/sources/saporder-raw-5.7.0.2-RC1-sources.jar
./bin/ext-integration/datahub/extensions/sap/sources/party-canonical-5.7.0.2-RC1-sources.jar
./bin/ext-integration/datahub/extensions/sap/sources/sapproduct-canonical-5.7.0.2-RC1-sources.jar
./bin/ext-integration/datahub/extensions/sap/sources/sappricing-canonical-5.7.0.2-RC1-sources.jar
./bin/ext-integration/datahub/extensions/sap/sources/saporder-canonical-5.7.0.2-RC1-sources.jar
./bin/ext-integration/datahub/extensions/sap/sources/sapcustomer-raw-5.7.0.2-RC1-sources.jar
./bin/ext-integration/datahub/extensions/sap/sources/sappricing-target-5.7.0.2-RC1-sources.jar
./bin/ext-integration/datahub/extensions/sap/sources/saporder-target-5.7.0.2-RC1-sources.jar
./bin/ext-integration/datahub/extensions/sap/sources/sapidocoutboundadapter-5.7.0.2-RC1-sources.jar
./bin/ext-integration/datahub/extensions/sap/sources/sappricing-canonical-bonusbuy-5.7.0.2-RC1-sources.jar
./bin/ext-integration/datahub/extensions/sap/sources/sappricing-raw-bonusbuy-5.7.0.2-RC1-sources.jar
./bin/ext-integration/datahub/extensions/sap/sources/sapidocintegration-5.7.0.2-RC1-sources.jar
./bin/ext-integration/datahub/extensions/sap/sources/sapproduct-raw-5.7.0.2-RC1-sources.jar
./bin/ext-integration/datahub/extensions/sap/sources/sappricing-raw-5.7.0.2-RC1-sources.jar
./bin/ext-integration/datahub/extensions/sap/party-canonical-5.7.0.2-RC1.jar
./bin/ext-integration/samlsinglesignon/lib/bcprov-jdk15-1.46.jar
./bin/ext-integration/samlsinglesignon/lib/slf4j-api-1.6.3.jar
./bin/ext-integration/samlsinglesignon/lib/not-yet-commons-ssl-0.3.9.jar
./bin/ext-integration/samlsinglesignon/lib/commons-httpclient-3.1.jar
./bin/ext-integration/samlsinglesignon/lib/commons-lang-2.6.jar
./bin/ext-integration/samlsinglesignon/lib/serializer-2.7.1.jar
./bin/ext-integration/samlsinglesignon/lib/commons-logging-1.1.1.jar
./bin/ext-integration/samlsinglesignon/lib/jstl-1.2.jar
./bin/ext-integration/samlsinglesignon/lib/xml-apis-2.10.0.jar
./bin/ext-integration/samlsinglesignon/lib/velocity-1.5.jar
./bin/ext-integration/samlsinglesignon/lib/xercesImpl-2.10.0.jar
./bin/ext-integration/samlsinglesignon/lib/esapi-2.0.1.jar
./bin/ext-integration/samlsinglesignon/lib/commons-codec-1.3.jar
./bin/ext-integration/samlsinglesignon/lib/opensaml-2.5.3.jar
./bin/ext-integration/samlsinglesignon/lib/slf4j-log4j12-1.6.3.jar
./bin/ext-integration/samlsinglesignon/lib/commons-collections-3.2.1.jar
./bin/ext-integration/samlsinglesignon/lib/xmltooling-1.3.4.jar
./bin/ext-integration/samlsinglesignon/lib/spring-security-saml2-core-1.0.1.RELEASE.jar
./bin/ext-integration/samlsinglesignon/lib/aopalliance-1.0.jar
./bin/ext-integration/samlsinglesignon/lib/joda-time-1.6.2.jar
./bin/ext-integration/samlsinglesignon/lib/openws-1.4.4.jar
./bin/ext-integration/samlsinglesignon/lib/log4j-1.2.16.jar
./bin/ext-integration/samlsinglesignon/lib/xmlsec-1.4.5.jar
./bin/ext-integration/samlsinglesignon/lib/jul-to-slf4j-1.6.4.jar
./bin/ext-integration/samlsinglesignon/lib/xml-resolver-1.2.jar
./bin/ext-integration/samlsinglesignon/lib/xalan-2.7.1.jar
./bin/ext-supportability/hybristransportandchange/bin/hybristransportandchangeserver.jar
./bin/ext-supportability/hybrisdatasupplier/bin/hybrisdatasupplierserver.jar
./bin/ext-supportability/hybrisdatasupplier/lib/velocity-dep-1.3.jar
./bin/ext-supportability/hybrisdatasupplier/lib/SLDRegLIB.jar
./bin/ext-supportability/hybrisdatasupplier/lib/SLDDataSupplierLIB.jar
./bin/ext-supportability/hybrisdatasupplier/hmc/bin/hybrisdatasupplierhmc.jar
./bin/ext-supportability/hybrisrootcauseanalysis/bin/hybrisrootcauseanalysisserver.jar
./bin/ext-supportability/hybrisrootcauseanalysis/web/webroot/WEB-INF/lib/jstl-api-1.2.jar
./bin/ext-supportability/hybrisrootcauseanalysis/web/webroot/WEB-INF/lib/jstl-impl-1.2.jar
./bin/ext-supportability/hybrisrootcauseanalysis/web/webroot/WEB-INF/lib/spring-webmvc-3.2.8.RELEASE.jar
./bin/ext-supportability/hybrisrootcauseanalysis/lib/tc.logging.java.impl-7.11.15.jar
./bin/ext-backoffice/promotionsbackoffice/bin/promotionsbackofficeserver.jar
./bin/ext-backoffice/promotionsbackoffice/resources/backoffice/promotionsbackoffice_bof.jar
./bin/ext-backoffice/commerceservicesbackoffice/bin/commerceservicesbackofficeserver.jar
./bin/ext-backoffice/commerceservicesbackoffice/resources/backoffice/commerceservicesbackoffice_bof.jar
./bin/ext-backoffice/ordermanagementbackoffice/bin/ordermanagementbackofficeserver.jar
./bin/ext-backoffice/ordermanagementbackoffice/resources/backoffice/ordermanagementbackoffice_bof.jar
./bin/ext-backoffice/basecommercebackoffice/bin/basecommercebackofficeserver.jar
./bin/ext-backoffice/basecommercebackoffice/resources/backoffice/basecommercebackoffice_bof.jar
./bin/ext-backoffice/voucherbackoffice/bin/voucherbackofficeserver.jar
./bin/ext-backoffice/voucherbackoffice/resources/backoffice/voucherbackoffice_bof.jar
./bin/ext-backoffice/b2bcommercebackoffice/bin/b2bcommercebackofficeserver.jar
./bin/ext-backoffice/b2bcommercebackoffice/resources/backoffice/b2bcommercebackoffice_bof.jar
./bin/ext-backoffice/commercesearchbackoffice/bin/commercesearchbackofficeserver.jar
./bin/ext-backoffice/commercesearchbackoffice/resources/backoffice/commercesearchbackoffice_bof.jar
./bin/ext-backoffice/chinaacceleratorbackoffice/bin/chinaacceleratorbackofficeserver.jar
./bin/ext-backoffice/chinaacceleratorbackoffice/resources/backoffice/chinaacceleratorbackoffice_bof.jar
./bin/ext-backoffice/xyformsbackoffice/lib/urlrewritefilter-4.0.3.jar
./bin/ext-backoffice/warehousingbackoffice/bin/warehousingbackofficeserver.jar
./bin/ext-backoffice/warehousingbackoffice/resources/backoffice/warehousingbackoffice_bof.jar
./bin/ext-backoffice/warehousingbackoffice/lib/velocity-tools-2.0.jar
./bin/ext-backoffice/warehousingbackoffice/lib/jasperreports-4.5.1.jar
./bin/ext-backoffice/warehousingbackoffice/lib/velocity-1.7.jar
./bin/ext-backoffice/solrftsearchbackoffice/bin/solrftsearchbackofficeserver.jar
./bin/ext-backoffice/solrftsearchbackoffice/resources/backoffice/solrftsearchbackoffice_bof.jar
./bin/ext-backoffice/alipaymentbackoffice/bin/alipaymentbackofficeserver.jar
./bin/ext-backoffice/alipaymentbackoffice/resources/backoffice/alipaymentbackoffice_bof.jar
./bin/ext-backoffice/timedaccesspromotionsbackoffice/bin/timedaccesspromotionsbackofficeserver.jar
./bin/ext-backoffice/timedaccesspromotionsbackoffice/resources/backoffice/timedaccesspromotionsbackoffice_bof.jar
./bin/ext-backoffice/backoffice/bin/backofficeserver.jar
./bin/ext-backoffice/backoffice/web/webroot/WEB-INF/lib/backoffice-core-2.3.0.1.jar
./bin/ext-backoffice/backoffice/web/webroot/WEB-INF/lib/jfreechart.jar
./bin/ext-backoffice/backoffice/web/webroot/WEB-INF/lib/zkspring-core-3.1.1.jar
./bin/ext-backoffice/backoffice/web/webroot/WEB-INF/lib/cockpitcore-2.3.0.1.jar
./bin/ext-backoffice/backoffice/web/webroot/WEB-INF/lib/zhtml-7.0.4.jar
./bin/ext-backoffice/backoffice/web/webroot/WEB-INF/lib/cockpittesting-2.3.0.1.jar
./bin/ext-backoffice/backoffice/web/webroot/WEB-INF/lib/cockpitwidgets-2.3.0.1.jar
./bin/ext-backoffice/backoffice/web/webroot/WEB-INF/lib/zel-7.0.4.jar
./bin/ext-backoffice/backoffice/web/webroot/WEB-INF/lib/atlantic-1.0.2.jar
./bin/ext-backoffice/backoffice/web/webroot/WEB-INF/lib/cockpitadmin-2.3.0.1.jar
./bin/ext-backoffice/backoffice/web/webroot/WEB-INF/lib/zkbind-7.0.4.jar
./bin/ext-backoffice/backoffice/web/webroot/WEB-INF/lib/commons-lang3-3.1.jar
./bin/ext-backoffice/backoffice/web/webroot/WEB-INF/lib/webfragmentCore_XSSFilter.jar
./bin/ext-backoffice/backoffice/web/webroot/WEB-INF/lib/zkplus-7.0.4.jar
./bin/ext-backoffice/backoffice/web/webroot/WEB-INF/lib/cockpit-data-integration-2.3.0.1.jar
./bin/ext-backoffice/backoffice/web/webroot/WEB-INF/lib/gmapsz-3.0.0.jar
./bin/ext-backoffice/backoffice/web/webroot/WEB-INF/lib/zkspring-security-3.1.1.jar
./bin/ext-backoffice/backoffice/web/webroot/WEB-INF/lib/zul-7.0.4.jar
./bin/ext-backoffice/backoffice/web/webroot/WEB-INF/lib/zkmax-7.0.4.jar
./bin/ext-backoffice/backoffice/web/webroot/WEB-INF/lib/backoffice-widgets-2.3.0.1.jar
./bin/ext-backoffice/backoffice/web/webroot/WEB-INF/lib/cockpit-standard-editors-2.3.0.1.jar
./bin/ext-backoffice/backoffice/web/webroot/WEB-INF/lib/cockpit-module-aggregator-2.3.0.1.jar
./bin/ext-backoffice/backoffice/web/webroot/WEB-INF/lib/webfragmentCore_requestContextFilter.jar
./bin/ext-backoffice/backoffice/web/webroot/WEB-INF/lib/cockpitframework-2.3.0.1.jar
./bin/ext-backoffice/backoffice/web/webroot/WEB-INF/lib/cockpit-demo-widgets-2.3.0.1.jar
./bin/ext-backoffice/backoffice/web/webroot/WEB-INF/lib/zweb-7.0.4.jar
./bin/ext-backoffice/backoffice/web/webroot/WEB-INF/lib/webfragmentCore_springSecurityFilterChain.jar
./bin/ext-backoffice/backoffice/web/webroot/WEB-INF/lib/zkcharts-2.0.1.jar
./bin/ext-backoffice/backoffice/web/webroot/WEB-INF/lib/zcommon-7.0.4.jar
./bin/ext-backoffice/backoffice/web/webroot/WEB-INF/lib/webfragmentCore_backofficeContextClassloaderFilter.jar
./bin/ext-backoffice/backoffice/web/webroot/WEB-INF/lib/webfragmentCore_backofficeMobileFilter.jar
./bin/ext-backoffice/backoffice/web/webroot/WEB-INF/lib/ckez-4.4.6.1.jar
./bin/ext-backoffice/backoffice/web/webroot/WEB-INF/lib/zk-7.0.4.jar
./bin/ext-backoffice/backoffice/web/webroot/WEB-INF/lib/jaxb-impl-2.2.4-1.jar
./bin/ext-backoffice/backoffice/web/webroot/WEB-INF/lib/zkex-7.0.4.jar
./bin/ext-backoffice/backoffice/web/webroot/WEB-INF/lib/sac-1.3.jar
./bin/ext-backoffice/backoffice/web/webroot/WEB-INF/lib/webfragmentCore_backofficefilterchain.jar
./bin/ext-backoffice/backoffice/doc/sources/cockpitframework-2.3.0.1-sources.jar
./bin/ext-backoffice/backoffice/doc/sources/cockpitwidgets-2.3.0.1-sources.jar
./bin/ext-backoffice/backoffice/doc/sources/cockpit-demo-widgets-2.3.0.1-sources.jar
./bin/ext-backoffice/backoffice/doc/sources/backoffice-module-5.7.0.0-RC6-sources.jar
./bin/ext-backoffice/backoffice/doc/sources/backoffice-core-2.3.0.1-sources.jar
./bin/ext-backoffice/backoffice/doc/sources/backoffice-widgets-2.3.0.1-sources.jar
./bin/ext-backoffice/backoffice/doc/sources/cockpittesting-2.3.0.1-sources.jar
./bin/ext-backoffice/backoffice/doc/sources/cockpitadmin-2.3.0.1-sources.jar
./bin/ext-backoffice/backoffice/doc/sources/cockpit-module-aggregator-2.3.0.1-sources.jar
./bin/ext-backoffice/backoffice/doc/sources/cockpit-standard-editors-2.3.0.1-sources.jar
./bin/ext-backoffice/backoffice/doc/sources/cockpitcore-2.3.0.1-sources.jar
./bin/ext-backoffice/backoffice/doc/sources/cockpit-data-integration-2.3.0.1-sources.jar
./bin/ext-platform-optional/yscala/web/webroot/WEB-INF/lib/jackson-mapper-asl-1.9.13.jar
./bin/ext-platform-optional/lucenesearch/bin/lucenesearchserver.jar
./bin/ext-platform-optional/lucenesearch/lib/icu4j-49.1.jar
./bin/ext-platform-optional/lucenesearch/lib/lucene-misc-4.6.1.jar
./bin/ext-platform-optional/lucenesearch/lib/lucene-suggest-4.6.1.jar
./bin/ext-platform-optional/lucenesearch/lib/lucene-join-4.6.1.jar
./bin/ext-platform-optional/lucenesearch/lib/lucene-analyzers-phonetic-4.6.1.jar
./bin/ext-platform-optional/lucenesearch/lib/lucene-analyzers-kuromoji-4.6.1.jar
./bin/ext-platform-optional/lucenesearch/lib/commons-codec-1.7.jar
./bin/ext-platform-optional/lucenesearch/lib/lucene-queries-4.6.1.jar
./bin/ext-platform-optional/lucenesearch/lib/spatial4j-0.3.jar
./bin/ext-platform-optional/lucenesearch/lib/lucene-grouping-4.6.1.jar
./bin/ext-platform-optional/lucenesearch/lib/lucene-memory-4.6.1.jar
./bin/ext-platform-optional/lucenesearch/lib/lucene-highlighter-4.6.1.jar
./bin/ext-platform-optional/lucenesearch/lib/lucene-analyzers-common-4.6.1.jar
./bin/ext-platform-optional/lucenesearch/lib/lucene-spatial-4.6.1.jar
./bin/ext-platform-optional/lucenesearch/lib/lucene-core-4.6.1.jar
./bin/ext-platform-optional/lucenesearch/lib/lucene-queryparser-4.6.1.jar
./bin/ext-platform-optional/lucenesearch/lib/lucene-codecs-4.6.1.jar
./bin/ext-platform-optional/azurecloud/bin/azurecloudserver.jar
./bin/ext-platform-optional/azurecloud/lib/powermock-module-junit4-1.6.1.jar
./bin/ext-platform-optional/azurecloud/lib/microsoft-windowsazure-api-0.4.6.jar
./bin/ext-platform-optional/azurecloud/lib/powermock-module-junit4-common-1.6.1.jar
./bin/ext-platform-optional/azurecloud/lib/powermock-api-mockito-1.6.1.jar
./bin/ext-platform-optional/azurecloud/lib/powermock-api-support-1.6.1.jar
./bin/ext-platform-optional/azurecloud/lib/powermock-core-1.6.1.jar
./bin/ext-platform-optional/azurecloud/lib/powermock-reflect-1.6.1.jar
./bin/ext-platform-optional/amazoncloud/bin/amazoncloudserver.jar
./bin/ext-platform-optional/amazoncloud/lib/aws-java-sdk-core-1.9.19.jar
./bin/ext-platform-optional/amazoncloud/lib/httpcore-4.4.jar
./bin/ext-platform-optional/amazoncloud/lib/aws-java-sdk-kms-1.9.19.jar
./bin/ext-platform-optional/amazoncloud/lib/httpclient-4.4.jar
./bin/ext-platform-optional/amazoncloud/lib/aws-java-sdk-s3-1.9.19.jar
./bin/ext-platform-optional/platformhmc/bin/platformhmcserver.jar
./bin/ext-platform-optional/platformhmc/hmc/bin/platformhmchmc.jar
./bin/ext-platform-optional/ldap/bin/ldapserver.jar
./bin/ext-platform-optional/platformwebservices/web/webroot/WEB-INF/lib/jersey-server-1.13.jar
./bin/ext-platform-optional/platformwebservices/web/webroot/WEB-INF/lib/jersey-json-1.13.jar
./bin/ext-platform-optional/platformwebservices/web/webroot/WEB-INF/lib/jsr311-api-1.1.1.jar
./bin/ext-platform-optional/platformwebservices/web/webroot/WEB-INF/lib/jersey-test-framework-core-1.13.jar
./bin/ext-platform-optional/platformwebservices/web/webroot/WEB-INF/lib/jersey-servlet-1.13.jar
./bin/ext-platform-optional/platformwebservices/web/webroot/WEB-INF/lib/jersey-client-1.13.jar
./bin/ext-platform-optional/platformwebservices/web/webroot/WEB-INF/lib/jersey-core-1.13.jar
./bin/ext-platform-optional/platformwebservices/web/webroot/WEB-INF/lib/jersey-spring-1.13.jar
./bin/ext-platform-optional/lucenesearchhmc/hmc/bin/lucenesearchhmchmc.jar
./bin/ext-platform-optional/embeddedserver/bin/embeddedserverserver.jar
./bin/ext-platform-optional/tomcatembeddedserver/bin/tomcatembeddedserverserver.jar
./bin/ext-platform-optional/ygroovy/web/webroot/WEB-INF/lib/jackson-mapper-asl-1.9.13.jar
./bin/ext-platform-optional/mediaconversion/bin/mediaconversionserver.jar
./bin/ext-platform-optional/mediaconversion/hmc/bin/mediaconversionhmc.jar
./bin/ext-platform-optional/scalanature/lib/scala-xml_2.11-1.0.3.jar
./bin/ext-platform-optional/scalanature/lib/scala-compiler-2.11.5.jar
./bin/ext-platform-optional/scalanature/lib/scala-reflect-2.11.5.jar
./bin/ext-platform-optional/scalanature/lib/scala-actors-2.11.5.jar
./bin/ext-platform-optional/scalanature/lib/scala-library-2.11.5.jar
./bin/ext-platform-optional/scalanature/lib/scalatest_2.11-2.2.3.jar
./bin/ext-platform-optional/virtualjdbc/bin/virtualjdbcserver.jar
./bin/ext-platform-optional/virtualjdbc/lib/vjdbc_server.jar
./bin/ext-platform-optional/virtualjdbc/lib/oro-2.0.8.jar
./bin/ext-platform-optional/virtualjdbc/lib/commons-dbcp-1.4.jar
./bin/ext-platform-optional/virtualjdbc/lib/vjdbc.jar
./bin/ext-platform-optional/corepluscommons/bin/corepluscommonsserver.jar
./bin/ext-platform-optional/corepluscommons/lib/jersey-server-1.13.jar
./bin/ext-platform-optional/corepluscommons/lib/jersey-json-1.13.jar
./bin/ext-platform-optional/corepluscommons/lib/jersey-multipart-1.13.jar
./bin/ext-platform-optional/corepluscommons/lib/hybris-commons-rest-resources-5.5.1.0-M0.jar
./bin/ext-platform-optional/corepluscommons/lib/hybris-commons-rest-utils-5.5.1.0-M0.jar
./bin/ext-platform-optional/corepluscommons/lib/hybris-commons-dto-5.5.1.0-M0.jar
./bin/ext-platform-optional/corepluscommons/lib/jersey-apache-client-1.13.jar
./bin/ext-platform-optional/corepluscommons/lib/init-app-rest-client-5.1.0.2.jar
./bin/ext-platform-optional/corepluscommons/lib/hybris-commons-client-5.5.1.0-M0.jar
./bin/ext-platform-optional/corepluscommons/lib/dummy-creator-1.2.jar
./bin/ext-platform-optional/corepluscommons/lib/hybris-commons-web-authorization-5.5.1.0-M0.jar
./bin/ext-platform-optional/corepluscommons/lib/hybris-commons-exporter-5.5.1.0-M0.jar
./bin/ext-platform-optional/corepluscommons/lib/jersey-servlet-1.13.jar
./bin/ext-platform-optional/corepluscommons/lib/jersey-client-1.13.jar
./bin/ext-platform-optional/corepluscommons/lib/hybris-commons-security-5.5.1.0-M0.jar
./bin/ext-platform-optional/corepluscommons/lib/hybris-commons-configuration-5.5.1.0-M0.jar
./bin/ext-platform-optional/corepluscommons/lib/hybris-commons-tenant-rest-client-5.5.1.0-M0.jar
./bin/ext-platform-optional/corepluscommons/lib/java-reflection-1.1.jar
./bin/ext-platform-optional/corepluscommons/lib/init-app-api-5.1.0.2.jar
./bin/ext-platform-optional/corepluscommons/lib/hybris-commons-tenant-5.5.1.0-M0.jar
./bin/ext-platform-optional/corepluscommons/lib/hybris-commons-conversion-5.5.1.0-M0.jar
./bin/ext-platform-optional/corepluscommons/lib/logback-core-1.0.13.jar
./bin/ext-platform-optional/corepluscommons/lib/hybris-commons-rest-client-5.5.1.0-M0.jar
./bin/ext-platform-optional/corepluscommons/lib/jersey-core-1.13.jar
./bin/ext-platform-optional/corepluscommons/lib/hybris-commons-mock-5.5.1.0-M0.jar
./bin/ext-platform-optional/corepluscommons/lib/jul-to-slf4j-1.6.4.jar
./bin/ext-platform-optional/corepluscommons/lib/hybris-commons-activemq-local-5.5.1.0-M0.jar
./bin/ext-platform-optional/corepluscommons/lib/hybris-commons-lang-5.5.1.0-M0.jar
./bin/ext-platform-optional/corepluscommons/lib/jersey-spring-1.13.jar
./bin/ext-platform-optional/corepluscommons/lib/hybris-commons-context-5.5.1.0-M0.jar
./bin/ext-platform-optional/hmc/bin/hmcserver.jar
./bin/ext-platform-optional/hmc/web/webroot/WEB-INF/lib/ypslwjobhmc.jar
./bin/ext-platform-optional/hmc/web/webroot/WEB-INF/lib/b2bpunchoutaddonhmc.jar
./bin/ext-platform-optional/hmc/web/webroot/WEB-INF/lib/platformhmchmc.jar
./bin/ext-platform-optional/hmc/web/webroot/WEB-INF/lib/cmscockpithmc.jar
./bin/ext-platform-optional/hmc/web/webroot/WEB-INF/lib/commerceserviceshmc.jar
./bin/ext-platform-optional/hmc/web/webroot/WEB-INF/lib/b2boccaddonhmc.jar
./bin/ext-platform-optional/hmc/web/webroot/WEB-INF/lib/b2bcommercehmc.jar
./bin/ext-platform-optional/hmc/web/webroot/WEB-INF/lib/cms2hmc.jar
./bin/ext-platform-optional/hmc/web/webroot/WEB-INF/lib/acceleratorwebservicesaddonhmc.jar
./bin/ext-platform-optional/hmc/web/webroot/WEB-INF/lib/yaddonhmc.jar
./bin/ext-platform-optional/hmc/web/webroot/WEB-INF/lib/accountsummaryaddonhmc.jar
./bin/ext-platform-optional/hmc/web/webroot/WEB-INF/lib/captchaaddonhmc.jar
./bin/ext-platform-optional/hmc/web/webroot/WEB-INF/lib/paymenthmc.jar
./bin/ext-platform-optional/hmc/web/webroot/WEB-INF/lib/customerreviewhmc.jar
./bin/ext-platform-optional/hmc/web/webroot/WEB-INF/lib/secureportaladdonhmc.jar
./bin/ext-platform-optional/hmc/web/webroot/WEB-INF/lib/voucherhmc.jar
./bin/ext-platform-optional/hmc/web/webroot/WEB-INF/lib/btghmc.jar
./bin/ext-platform-optional/hmc/web/webroot/WEB-INF/lib/wishlisthmc.jar
./bin/ext-platform-optional/hmc/web/webroot/WEB-INF/lib/acceleratorcmshmc.jar
./bin/ext-platform-optional/hmc/web/webroot/WEB-INF/lib/b2bapprovalprocesshmc.jar
./bin/ext-platform-optional/hmc/web/webroot/WEB-INF/lib/addonhmc.jar
./bin/ext-platform-optional/hmc/web/webroot/WEB-INF/lib/corehmchmc.jar
./bin/ext-platform-optional/hmc/web/webroot/WEB-INF/lib/solrftsearchhmchmc.jar
./bin/ext-platform-optional/hmc/web/webroot/WEB-INF/lib/basecommercehmc.jar
./bin/ext-platform-optional/hmc/web/webroot/WEB-INF/lib/promotionshmc.jar
./bin/ext-platform-optional/hmc/web/webroot/WEB-INF/lib/corehmc.jar
./bin/ext-platform-optional/hmc/web/webroot/WEB-INF/lib/acceleratorserviceshmc.jar
./bin/ext-platform-optional/hmc/web/webroot/WEB-INF/lib/savedorderformsoccaddonhmc.jar
./bin/ext-platform-optional/hmc/web/webroot/WEB-INF/lib/b2bacceleratorserviceshmc.jar
./bin/ext-platform-optional/hmc/web/webroot/WEB-INF/lib/ticketsystemhmc.jar
./bin/ext-platform-optional/springintegrationlibs/lib/spring-integration-file-4.1.2.RELEASE.jar
./bin/ext-platform-optional/springintegrationlibs/lib/spring-integration-jmx-4.1.2.RELEASE.jar
./bin/ext-platform-optional/springintegrationlibs/lib/spring-integration-ws-4.1.2.RELEASE.jar
./bin/ext-platform-optional/springintegrationlibs/lib/spring-integration-http-4.1.2.RELEASE.jar
./bin/ext-platform-optional/springintegrationlibs/lib/spring-integration-security-4.1.2.RELEASE.jar
./bin/ext-platform-optional/springintegrationlibs/lib/spring-integration-rmi-4.1.2.RELEASE.jar
./bin/ext-platform-optional/springintegrationlibs/lib/spring-integration-mail-4.1.2.RELEASE.jar
./bin/ext-platform-optional/springintegrationlibs/lib/spring-integration-event-4.1.2.RELEASE.jar
./bin/ext-platform-optional/springintegrationlibs/lib/spring-integration-xml-4.1.2.RELEASE.jar
./bin/ext-platform-optional/springintegrationlibs/lib/spring-integration-jms-4.1.2.RELEASE.jar
./bin/ext-platform-optional/springintegrationlibs/lib/spring-integration-feed-4.1.2.RELEASE.jar
./bin/ext-platform-optional/springintegrationlibs/lib/spring-integration-ftp-4.1.2.RELEASE.jar
./bin/ext-platform-optional/springintegrationlibs/lib/spring-integration-twitter-4.1.2.RELEASE.jar
./bin/ext-platform-optional/springintegrationlibs/lib/spring-integration-jdbc-4.1.2.RELEASE.jar
./bin/ext-platform-optional/springintegrationlibs/lib/spring-integration-test-4.1.2.RELEASE.jar
./bin/ext-platform-optional/springintegrationlibs/lib/spring-integration-xmpp-4.1.2.RELEASE.jar
./bin/ext-platform-optional/springintegrationlibs/lib/spring-integration-sftp-4.1.2.RELEASE.jar
./bin/ext-platform-optional/springintegrationlibs/lib/spring-integration-ip-4.1.2.RELEASE.jar
./bin/ext-platform-optional/springintegrationlibs/lib/spring-integration-stream-4.1.2.RELEASE.jar
./bin/ext-platform-optional/springintegrationlibs/lib/spring-integration-groovy-4.1.2.RELEASE.jar
./bin/ext-platform-optional/gridfsstorage/bin/gridfsstorageserver.jar
./bin/ext-platform-optional/gridfsstorage/lib/spring-data-mongodb-1.2.0.RELEASE.jar
./bin/ext-platform-optional/gridfsstorage/lib/spring-data-commons-1.5.0.RELEASE.jar
./bin/ext-platform-optional/gridfsstorage/lib/mongo-java-driver-2.10.1.jar
./config/licence/hybrislicence.jar
