./hotfolderplus/ypslwjob/lib/javax.batch-api-1.0.jar
./hotfolderplus/ypslwjob/lib/xmlpull-1.1.3.1.jar
./hotfolderplus/ypslwjob/lib/kxml2-2.3.0.jar
./hotfolderplus/ypslwjob/lib/jettison-1.2.jar
./hotfolderplus/ypslwjob/lib/xstream-1.4.2.jar
./hotfolderplus/ypslwjob/lib/spring-batch-integration-3.0.1.RELEASE.jar
./hotfolderplus/ypslwjob/lib/cglib-nodep-2.2.jar
./hotfolderplus/ypslwjob/lib/spring-retry-1.1.0.RELEASE.jar
./hotfolderplus/ypslwjob/lib/wstx-asl-3.2.7.jar
./hotfolderplus/ypslwjob/lib/spring-batch-core-3.0.1.RELEASE.jar
./hotfolderplus/ypslwjob/lib/json-20080701.jar
./hotfolderplus/ypslwjob/lib/kxml2-min-2.3.0.jar
./hotfolderplus/ypslwjob/lib/dom4j-1.6.1.jar
./hotfolderplus/ypslwjob/lib/stax-api-1.0.1.jar
./hotfolderplus/ypslwjob/lib/xom-1.1.jar
./hotfolderplus/ypslwjob/lib/jdom2-2.0.5.jar
./hotfolderplus/ypslwjob/lib/stax-1.2.0.jar
./hotfolderplus/ypslwjob/lib/jdom-1.1.3.jar
./hotfolderplus/ypslwjob/lib/xpp3_min-1.1.4c.jar
./hotfolderplus/ypslwjob/lib/spring-batch-infrastructure-3.0.1.RELEASE.jar
./hotfolderplus/ypshotfolderplus/lib/commons-csv-1.2.jar
./hotfolderplus/ypshotfolderplus/lib/spring-batch-admin-manager-1.2.2.RELEASE.jar
./hotfolderplus/ypshotfolderplus/lib/spring-batch-integration-3.0.1.RELEASE.jar
./hotfolderplus/ypshotfolderplus/lib/spring-batch-core-3.0.1.RELEASE.jar
./hotfolderplus/ypshotfolderplus/lib/spring-batch-infrastructure-3.0.1.RELEASE.jar
.//storefront/web/webroot/WEB-INF/doc/spring-security-taglibs-3.2.3.RELEASE-sources.jar
.//storefront/web/webroot/WEB-INF/lib/jstl-impl-1.2.jar
.//storefront/web/webroot/WEB-INF/lib/js.jar
.//storefront/web/webroot/WEB-INF/lib/rhino1_7R4.jar
.//storefront/web/webroot/WEB-INF/lib/spring-security-taglibs-3.2.3.RELEASE.jar
.//storefront/web/webroot/WEB-INF/lib/json-taglib-0.4.1.jar
.//storefront/web/webroot/WEB-INF/lib/granule-1.0.9.jar
.//storefront/web/webroot/WEB-INF/lib/jsoup-1.6.1.jar
.//storefront/web/webroot/WEB-INF/lib/yuicompressor-2.4.7.jar
.//storefront/web/webroot/WEB-INF/lib/jstl-api-1.2.jar
.//storefront/lib/jempbox-1.8.8.jar
.//storefront/lib/jackson-core-asl-1.9.11.jar
.//storefront/lib/pdfbox-1.8.8.jar
.//storefront/lib/jackson-mapper-asl-1.9.11.jar
.//storefront/lib/fontbox-1.8.8.jar
.//integration/lib/spring-webmvc-3.1.1.RELEASE.jar
.//core/lib/httpclient-4.3.jar
.//core/lib/MsLast.jar
.//core/lib/creditInformation.jar
.//core/lib/sappoclaimorder.jar
.//core/lib/joda-time-2.4-sources.jar
.//core/lib/createPayment.jar
.//core/lib/wsdl4j-1.6.2.jar
.//core/lib/spring-security-oauth2-2.0.6.RELEASE.jar
.//core/lib/accountreceivables.jar
.//core/lib/sappocreateorder.jar
.//core/lib/volumecontract.jar
.//core/lib/spring-ws-core-2.1.4.RELEASE.jar
.//core/lib/updateInventory.jar
.//core/lib/spring-xml-2.2.0.RELEASE.jar
.//core/lib/jackson-databind-2.5.0.jar
.//core/lib/poi-ooxml-3.9-20121203.jar
.//core/lib/updateSales.jar
.//core/lib/psimsclient.jar
.//core/lib/httpasyncclient-4.1.2.jar
.//core/lib/simulatemultipleorderupdates.jar
.//core/lib/salesforecast.jar
.//core/lib/httpcore-4.3.2.jar
.//core/lib/xmlunit-1.2.jar
.//core/lib/updateservicerequest.jar
.//core/lib/jackson-antpathfilter-1.0.0.jar
.//core/lib/spring-ws-support-2.2.0.RELEASE.jar
.//core/lib/jasypt-1.9.2.jar
.//core/lib/deliveryconfirmation.jar
.//core/lib/siteminder.jar
.//core/lib/spring-ws-test-2.2.0.RELEASE.jar
.//core/lib/joda-time-2.4-javadoc.jar
.//core/lib/simulatemultipleorders.jar
.//core/lib/jasypt-spring31-1.9.2.jar
.//core/lib/spring-context-3.2.8.RELEASE.jar
.//core/lib/spring-ldap-core-2.0.2.RELEASE.jar
.//core/lib/sappoupdateorder.jar
.//core/lib/spring-security-kerberos-core-1.0.0.CI-SNAPSHOT.jar
.//core/lib/httpcore-nio-4.4.5.jar
.//core/lib/spring-ws-core-2.2.0.RELEASE.jar
.//core/lib/joda-time-2.4.jar
.//core/lib/acountstatement.jar
.//core/lib/ordersimulationclient.jar
.//core/lib/deliverycreation.jar
.//core/lib/spring-ws-security-2.2.0.RELEASE.jar
.//core/lib/orderchangesimulation.jar
.//core/lib/createservicerequest.jar
./interfs/web/webroot/WEB-INF/lib/wsdl4j-1.6.1.jar
./interfs/web/webroot/WEB-INF/lib/java-property-utils-1.9.jar
./interfs/web/webroot/WEB-INF/lib/jstl-1.2.jar
./interfs/web/webroot/WEB-INF/lib/spring-xml-2.2.0.RELEASE.jar
./interfs/web/webroot/WEB-INF/lib/cors-filter-1.8.jar
./interfs/web/webroot/WEB-INF/lib/spring-ws-support-2.2.0.RELEASE.jar
./interfs/web/webroot/WEB-INF/lib/spring-webmvc-3.2.8.RELEASE.jar
./interfs/web/webroot/WEB-INF/lib/spring-ws-test-2.2.0.RELEASE.jar
./interfs/web/webroot/WEB-INF/lib/stax-utils-20070216.jar
./interfs/web/webroot/WEB-INF/lib/spring-ws-core-2.2.0.RELEASE.jar
./interfs/web/webroot/WEB-INF/lib/spring-ws-security-2.2.0.RELEASE.jar
./interfs/lib/wsdl4j-1.6.2.jar
./interfs/lib/spring-ws-2.1.4.RELEASE-all.jar
./interfs/lib/javax.json-1.0.4.jar
./interfs/lib/kxml2-2.1.8.jar
./interfs/lib/spring-ws-core-2.1.4.RELEASE.jar
./interfs/lib/org.eclipse.persistence.asm-2.6.0.jar
./interfs/lib/javax.json-api-1.0.jar
./interfs/lib/psimsclient.jar
./interfs/lib/org.eclipse.persistence.moxy-2.6.0.jar
./interfs/lib/org.eclipse.persistence.antlr-2.6.0.jar
./interfs/lib/org.eclipse.persistence.core-2.6.0.jar
./custweb/web/webroot/WEB-INF/lib/jstl-impl-1.2.jar
./custweb/web/webroot/WEB-INF/lib/spring-webmvc-3.2.8.RELEASE.jar
./custweb/web/webroot/WEB-INF/lib/jstl-api-1.2.jar
./core/lib/activiti-bpmn-model-5.17.0.jar
./core/lib/mybatis-3.2.8.jar
./core/lib/commons-dbcp-1.4.jar
./core/lib/activiti-process-validation-5.17.0.jar
./core/lib/activiti-spring-5.17.0.jar
./core/lib/activiti-image-generator-5.17.0.jar
./core/lib/activiti-engine-5.17.0.jar
./core/lib/commons-lang3-3.3.2.jar
./core/lib/sendMasterDataSync.jar
./core/lib/activiti-bpmn-converter-5.17.0.jar
./core/lib/persistence-api-1.0.2.jar
./backoffice/backoffice/lib/zhtml-6.5.1.1.jar
./backoffice/lib/zul-6.5.1.1.jar
./backoffice/lib/zcommon-6.5.1.1.jar
./backoffice/lib/poi-ooxml-3.9-20121203.jar
./backoffice/lib/cockpitcore-2.0.2.jar
./backoffice/lib/granule-1.0.9.jar
./backoffice/lib/zhtml-6.5.1.1.jar
./backoffice/lib/dom4j-1.6.1.jar
./backoffice/lib/xmlbeans-2.3.0.jar
./backoffice/lib/cockpit-data-integration-2.0.2.jar
./backoffice/lib/poi-ooxml-schemas-3.9-20121203.jar
./backoffice/lib/poi-3.9-20121203.jar
./mcccockpit/lib/spring-security-config-3.1.3.RELEASE.jar
./mcccockpit/lib/spring-security-web-3.1.3.RELEASE.jar
./web/web/webroot/WEB-INF/lib/jstl-impl-1.2.jar
./web/web/webroot/WEB-INF/lib/spring-webmvc-3.2.8.RELEASE.jar
./web/web/webroot/WEB-INF/lib/jstl-api-1.2.jar
./testing/testing.jar
